
*** Running vivado
    with args -log design_1_xbar_0.vds -m64 -product Vivado -mode batch -messageDb vivado.pb -notrace -source design_1_xbar_0.tcl


****** Vivado v2018.3.1 (64-bit)
  **** SW Build 2489853 on Tue Mar 26 04:20:25 MDT 2019
  **** IP Build 2486929 on Tue Mar 26 06:44:21 MDT 2019
    ** Copyright 1986-2019 Xilinx, Inc. All Rights Reserved.

source design_1_xbar_0.tcl -notrace
INFO: [IP_Flow 19-234] Refreshing IP repositories
INFO: [IP_Flow 19-1700] Loaded user IP repository 'c:/Users/jiangja5/ip_repo'.
INFO: [IP_Flow 19-2313] Loaded Vivado IP repository 'C:/DESL/Xilinx/Vivado/2018.3/data/ip'.
Command: synth_design -top design_1_xbar_0 -part xc7a200tsbg484-1 -mode out_of_context
Starting synth_design
Attempting to get a license for feature 'Synthesis' and/or device 'xc7a200t'
INFO: [Common 17-349] Got license for feature 'Synthesis' and/or device 'xc7a200t'
INFO: Launching helper process for spawning children vivado processes
INFO: Helper process launched with PID 7524 
---------------------------------------------------------------------------------
Starting RTL Elaboration : Time (s): cpu = 00:00:07 ; elapsed = 00:00:08 . Memory (MB): peak = 485.566 ; gain = 105.891
---------------------------------------------------------------------------------
INFO: [Synth 8-6157] synthesizing module 'design_1_xbar_0' [c:/Users/jiangja5/hash_server/hash_server.srcs/sources_1/bd/design_1/ip/design_1_xbar_0/synth/design_1_xbar_0.v:60]
INFO: [Synth 8-6157] synthesizing module 'axi_crossbar_v2_1_19_axi_crossbar' [c:/Users/jiangja5/hash_server/hash_server.srcs/sources_1/bd/design_1/ipshared/6c9d/hdl/axi_crossbar_v2_1_vl_rfs.v:4884]
	Parameter C_FAMILY bound to: artix7 - type: string 
	Parameter C_NUM_SLAVE_SLOTS bound to: 7 - type: integer 
	Parameter C_NUM_MASTER_SLOTS bound to: 8 - type: integer 
	Parameter C_AXI_ID_WIDTH bound to: 3 - type: integer 
	Parameter C_AXI_ADDR_WIDTH bound to: 32 - type: integer 
	Parameter C_AXI_DATA_WIDTH bound to: 32 - type: integer 
	Parameter C_AXI_PROTOCOL bound to: 0 - type: integer 
	Parameter C_NUM_ADDR_RANGES bound to: 1 - type: integer 
	Parameter C_M_AXI_BASE_ADDR bound to: 512'b00000000000000000000000000000000010000011110000000000000000000000000000000000000000000000000000001000000000000000000000000000000000000000000000000000000000000000100010010100000000000000000000000000000000000000000000000000000010000011100000000000000000000000000000000000000000000000000000001000000110000000000000000000000000000000000000000000000000000001000000000000000000000000000000000000000000000000000000000000000010000000110000000000000000000000000000000000000000000000000000001000001001000000000000000000000 
	Parameter C_M_AXI_ADDR_WIDTH bound to: 256'b0000000000000000000000000001000000000000000000000000000000010000000000000000000000000000000100000000000000000000000000000001000000000000000000000000000000010000000000000000000000000000000111010000000000000000000000000001000000000000000000000000000000010000 
	Parameter C_S_AXI_BASE_ID bound to: 224'b00000000000000000000000000000110000000000000000000000000000001010000000000000000000000000000010000000000000000000000000000000011000000000000000000000000000000100000000000000000000000000000000100000000000000000000000000000000 
	Parameter C_S_AXI_THREAD_ID_WIDTH bound to: 224'b00000000000000000000000000000000000000000000000000000000000000000000000000000000000000000000000000000000000000000000000000000000000000000000000000000000000000000000000000000000000000000000000000000000000000000000000000000000 
	Parameter C_AXI_SUPPORTS_USER_SIGNALS bound to: 0 - type: integer 
	Parameter C_AXI_AWUSER_WIDTH bound to: 1 - type: integer 
	Parameter C_AXI_ARUSER_WIDTH bound to: 1 - type: integer 
	Parameter C_AXI_WUSER_WIDTH bound to: 1 - type: integer 
	Parameter C_AXI_RUSER_WIDTH bound to: 1 - type: integer 
	Parameter C_AXI_BUSER_WIDTH bound to: 1 - type: integer 
	Parameter C_M_AXI_WRITE_CONNECTIVITY bound to: 256'b0000000000000000000000000000110100000000000000000000000000001101000000000000000000000000000011010000000000000000000000000000110100000000000000000000000000001101000000000000000000000000010111010000000000000000000000000000110100000000000000000000000000001101 
	Parameter C_M_AXI_READ_CONNECTIVITY bound to: 256'b0000000000000000000000000000111100000000000000000000000000001111000000000000000000000000000011110000000000000000000000000000111100000000000000000000000000001111000000000000000000000000001111110000000000000000000000000000111100000000000000000000000000001111 
	Parameter C_R_REGISTER bound to: 1 - type: integer 
	Parameter C_S_AXI_SINGLE_THREAD bound to: 224'b00000000000000000000000000000001000000000000000000000000000000010000000000000000000000000000000100000000000000000000000000000001000000000000000000000000000000010000000000000000000000000000000100000000000000000000000000000001 
	Parameter C_S_AXI_WRITE_ACCEPTANCE bound to: 224'b00000000000000000000000000000001000000000000000000000000000000010000000000000000000000000000000100000000000000000000000000000001000000000000000000000000000000010000000000000000000000000000000100000000000000000000000000000001 
	Parameter C_S_AXI_READ_ACCEPTANCE bound to: 224'b00000000000000000000000000000001000000000000000000000000000000010000000000000000000000000000000100000000000000000000000000000001000000000000000000000000000000010000000000000000000000000000000100000000000000000000000000000001 
	Parameter C_M_AXI_WRITE_ISSUING bound to: 256'b0000000000000000000000000000000100000000000000000000000000000001000000000000000000000000000000010000000000000000000000000000000100000000000000000000000000000001000000000000000000000000000000010000000000000000000000000000000100000000000000000000000000000001 
	Parameter C_M_AXI_READ_ISSUING bound to: 256'b0000000000000000000000000000000100000000000000000000000000000001000000000000000000000000000000010000000000000000000000000000000100000000000000000000000000000001000000000000000000000000000000010000000000000000000000000000000100000000000000000000000000000001 
	Parameter C_S_AXI_ARB_PRIORITY bound to: 224'b00000000000000000000000000000000000000000000000000000000000000000000000000000000000000000000000000000000000000000000000000000000000000000000000000000000000000000000000000000000000000000000000000000000000000000000000000000000 
	Parameter C_M_AXI_SECURE bound to: 256'b0000000000000000000000000000000000000000000000000000000000000000000000000000000000000000000000000000000000000000000000000000000000000000000000000000000000000000000000000000000000000000000000000000000000000000000000000000000000000000000000000000000000000000 
	Parameter C_CONNECTIVITY_MODE bound to: 0 - type: integer 
	Parameter P_ONES bound to: 65'b11111111111111111111111111111111111111111111111111111111111111111 
	Parameter P_S_AXI_BASE_ID bound to: 448'b0000000000000000000000000000000000000000000000000000000000000110000000000000000000000000000000000000000000000000000000000000010100000000000000000000000000000000000000000000000000000000000001000000000000000000000000000000000000000000000000000000000000000011000000000000000000000000000000000000000000000000000000000000001000000000000000000000000000000000000000000000000000000000000000010000000000000000000000000000000000000000000000000000000000000000 
	Parameter P_S_AXI_HIGH_ID bound to: 448'b0000000000000000000000000000000000000000000000000000000000000110000000000000000000000000000000000000000000000000000000000000010100000000000000000000000000000000000000000000000000000000000001000000000000000000000000000000000000000000000000000000000000000011000000000000000000000000000000000000000000000000000000000000001000000000000000000000000000000000000000000000000000000000000000010000000000000000000000000000000000000000000000000000000000000000 
	Parameter P_AXI4 bound to: 0 - type: integer 
	Parameter P_AXI3 bound to: 1 - type: integer 
	Parameter P_AXILITE bound to: 2 - type: integer 
	Parameter P_AXILITE_SIZE bound to: 3'b010 
	Parameter P_INCR bound to: 2'b01 
	Parameter P_M_AXI_SUPPORTS_WRITE bound to: 8'b11111111 
	Parameter P_M_AXI_SUPPORTS_READ bound to: 8'b11111111 
	Parameter P_S_AXI_SUPPORTS_WRITE bound to: 7'b1011101 
	Parameter P_S_AXI_SUPPORTS_READ bound to: 7'b0111111 
	Parameter C_DEBUG bound to: 1 - type: integer 
	Parameter P_RANGE_CHECK bound to: 1 - type: integer 
	Parameter P_ADDR_DECODE bound to: 1 - type: integer 
	Parameter P_M_AXI_ERR_MODE bound to: 256'b0000000000000000000000000000000000000000000000000000000000000000000000000000000000000000000000000000000000000000000000000000000000000000000000000000000000000000000000000000000000000000000000000000000000000000000000000000000000000000000000000000000000000000 
	Parameter P_LEN bound to: 8 - type: integer 
	Parameter P_LOCK bound to: 1 - type: integer 
	Parameter P_FAMILY bound to: artix7 - type: string 
INFO: [Synth 8-6157] synthesizing module 'axi_crossbar_v2_1_19_crossbar_sasd' [c:/Users/jiangja5/hash_server/hash_server.srcs/sources_1/bd/design_1/ipshared/6c9d/hdl/axi_crossbar_v2_1_vl_rfs.v:1240]
	Parameter C_FAMILY bound to: artix7 - type: string 
	Parameter C_NUM_SLAVE_SLOTS bound to: 7 - type: integer 
	Parameter C_NUM_MASTER_SLOTS bound to: 8 - type: integer 
	Parameter C_NUM_ADDR_RANGES bound to: 1 - type: integer 
	Parameter C_AXI_ID_WIDTH bound to: 3 - type: integer 
	Parameter C_AXI_ADDR_WIDTH bound to: 32 - type: integer 
	Parameter C_AXI_DATA_WIDTH bound to: 32 - type: integer 
	Parameter C_AXI_PROTOCOL bound to: 0 - type: integer 
	Parameter C_M_AXI_BASE_ADDR bound to: 512'b00000000000000000000000000000000010000011110000000000000000000000000000000000000000000000000000001000000000000000000000000000000000000000000000000000000000000000100010010100000000000000000000000000000000000000000000000000000010000011100000000000000000000000000000000000000000000000000000001000000110000000000000000000000000000000000000000000000000000001000000000000000000000000000000000000000000000000000000000000000010000000110000000000000000000000000000000000000000000000000000001000001001000000000000000000000 
	Parameter C_M_AXI_HIGH_ADDR bound to: 512'b00000000000000000000000000000000010000011110000011111111111111110000000000000000000000000000000001000000000000001111111111111111000000000000000000000000000000000100010010100000111111111111111100000000000000000000000000000000010000011100000011111111111111110000000000000000000000000000000001000000110000001111111111111111000000000000000000000000000000001001111111111111111111111111111100000000000000000000000000000000010000000110000011111111111111110000000000000000000000000000000001000001001000001111111111111111 
	Parameter C_S_AXI_BASE_ID bound to: 448'b0000000000000000000000000000000000000000000000000000000000000110000000000000000000000000000000000000000000000000000000000000010100000000000000000000000000000000000000000000000000000000000001000000000000000000000000000000000000000000000000000000000000000011000000000000000000000000000000000000000000000000000000000000001000000000000000000000000000000000000000000000000000000000000000010000000000000000000000000000000000000000000000000000000000000000 
	Parameter C_S_AXI_HIGH_ID bound to: 448'b0000000000000000000000000000000000000000000000000000000000000110000000000000000000000000000000000000000000000000000000000000010100000000000000000000000000000000000000000000000000000000000001000000000000000000000000000000000000000000000000000000000000000011000000000000000000000000000000000000000000000000000000000000001000000000000000000000000000000000000000000000000000000000000000010000000000000000000000000000000000000000000000000000000000000000 
	Parameter C_AXI_SUPPORTS_USER_SIGNALS bound to: 0 - type: integer 
	Parameter C_AXI_AWUSER_WIDTH bound to: 1 - type: integer 
	Parameter C_AXI_ARUSER_WIDTH bound to: 1 - type: integer 
	Parameter C_AXI_WUSER_WIDTH bound to: 1 - type: integer 
	Parameter C_AXI_RUSER_WIDTH bound to: 1 - type: integer 
	Parameter C_AXI_BUSER_WIDTH bound to: 1 - type: integer 
	Parameter C_S_AXI_SUPPORTS_WRITE bound to: 7'b1011101 
	Parameter C_S_AXI_SUPPORTS_READ bound to: 7'b0111111 
	Parameter C_M_AXI_SUPPORTS_WRITE bound to: 8'b11111111 
	Parameter C_M_AXI_SUPPORTS_READ bound to: 8'b11111111 
	Parameter C_S_AXI_ARB_PRIORITY bound to: 224'b00000000000000000000000000000000000000000000000000000000000000000000000000000000000000000000000000000000000000000000000000000000000000000000000000000000000000000000000000000000000000000000000000000000000000000000000000000000 
	Parameter C_M_AXI_SECURE bound to: 256'b0000000000000000000000000000000000000000000000000000000000000000000000000000000000000000000000000000000000000000000000000000000000000000000000000000000000000000000000000000000000000000000000000000000000000000000000000000000000000000000000000000000000000000 
	Parameter C_M_AXI_ERR_MODE bound to: 256'b0000000000000000000000000000000000000000000000000000000000000000000000000000000000000000000000000000000000000000000000000000000000000000000000000000000000000000000000000000000000000000000000000000000000000000000000000000000000000000000000000000000000000000 
	Parameter C_R_REGISTER bound to: 1 - type: integer 
	Parameter C_RANGE_CHECK bound to: 1 - type: integer 
	Parameter C_ADDR_DECODE bound to: 1 - type: integer 
	Parameter C_DEBUG bound to: 1 - type: integer 
	Parameter P_AXI4 bound to: 0 - type: integer 
	Parameter P_AXI3 bound to: 1 - type: integer 
	Parameter P_AXILITE bound to: 2 - type: integer 
	Parameter P_NUM_MASTER_SLOTS_DE bound to: 9 - type: integer 
	Parameter P_NUM_MASTER_SLOTS_LOG bound to: 3 - type: integer 
	Parameter P_NUM_MASTER_SLOTS_DE_LOG bound to: 4 - type: integer 
	Parameter P_NUM_SLAVE_SLOTS_LOG bound to: 3 - type: integer 
	Parameter P_AXI_AUSER_WIDTH bound to: 1 - type: integer 
	Parameter P_AXI_WID_WIDTH bound to: 1 - type: integer 
	Parameter P_AMESG_WIDTH bound to: 66 - type: integer 
	Parameter P_BMESG_WIDTH bound to: 3 - type: integer 
	Parameter P_RMESG_WIDTH bound to: 36 - type: integer 
	Parameter P_WMESG_WIDTH bound to: 39 - type: integer 
	Parameter P_AXILITE_ERRMODE bound to: 1 - type: integer 
	Parameter P_NONSECURE_BIT bound to: 1 - type: integer 
	Parameter P_M_SECURE_MASK bound to: 8'b00000000 
	Parameter P_M_AXILITE_MASK bound to: 8'b00000000 
	Parameter P_FIXED bound to: 2'b00 
	Parameter P_BYPASS bound to: 0 - type: integer 
	Parameter P_LIGHTWT bound to: 7 - type: integer 
	Parameter P_FULLY_REG bound to: 1 - type: integer 
	Parameter P_R_REG_CONFIG bound to: 1 - type: integer 
	Parameter P_DECERR bound to: 2'b11 
INFO: [Synth 8-6157] synthesizing module 'axi_crossbar_v2_1_19_addr_decoder' [c:/Users/jiangja5/hash_server/hash_server.srcs/sources_1/bd/design_1/ipshared/6c9d/hdl/axi_crossbar_v2_1_vl_rfs.v:794]
	Parameter C_FAMILY bound to: artix7 - type: string 
	Parameter C_NUM_TARGETS bound to: 8 - type: integer 
	Parameter C_NUM_TARGETS_LOG bound to: 3 - type: integer 
	Parameter C_NUM_RANGES bound to: 1 - type: integer 
	Parameter C_ADDR_WIDTH bound to: 32 - type: integer 
	Parameter C_TARGET_ENC bound to: 1 - type: integer 
	Parameter C_TARGET_HOT bound to: 1 - type: integer 
	Parameter C_REGION_ENC bound to: 1 - type: integer 
	Parameter C_BASE_ADDR bound to: 512'b00000000000000000000000000000000010000011110000000000000000000000000000000000000000000000000000001000000000000000000000000000000000000000000000000000000000000000100010010100000000000000000000000000000000000000000000000000000010000011100000000000000000000000000000000000000000000000000000001000000110000000000000000000000000000000000000000000000000000001000000000000000000000000000000000000000000000000000000000000000010000000110000000000000000000000000000000000000000000000000000001000001001000000000000000000000 
	Parameter C_HIGH_ADDR bound to: 512'b00000000000000000000000000000000010000011110000011111111111111110000000000000000000000000000000001000000000000001111111111111111000000000000000000000000000000000100010010100000111111111111111100000000000000000000000000000000010000011100000011111111111111110000000000000000000000000000000001000000110000001111111111111111000000000000000000000000000000001001111111111111111111111111111100000000000000000000000000000000010000000110000011111111111111110000000000000000000000000000000001000001001000001111111111111111 
	Parameter C_TARGET_QUAL bound to: 9'b011111111 
	Parameter C_RESOLUTION bound to: 2 - type: integer 
	Parameter C_COMPARATOR_THRESHOLD bound to: 6 - type: integer 
INFO: [Synth 8-6157] synthesizing module 'generic_baseblocks_v2_1_0_comparator_static' [c:/Users/jiangja5/hash_server/hash_server.srcs/sources_1/bd/design_1/ipshared/b752/hdl/generic_baseblocks_v2_1_vl_rfs.v:2133]
	Parameter C_FAMILY bound to: rtl - type: string 
	Parameter C_VALUE bound to: 30'b010000010010000000000000000000 
	Parameter C_DATA_WIDTH bound to: 30 - type: integer 
	Parameter C_BITS_PER_LUT bound to: 6 - type: integer 
	Parameter C_NUM_LUT bound to: 5 - type: integer 
	Parameter C_FIX_DATA_WIDTH bound to: 30 - type: integer 
INFO: [Synth 8-6157] synthesizing module 'generic_baseblocks_v2_1_0_carry_and' [c:/Users/jiangja5/hash_server/hash_server.srcs/sources_1/bd/design_1/ipshared/b752/hdl/generic_baseblocks_v2_1_vl_rfs.v:62]
	Parameter C_FAMILY bound to: rtl - type: string 
INFO: [Synth 8-6155] done synthesizing module 'generic_baseblocks_v2_1_0_carry_and' (1#1) [c:/Users/jiangja5/hash_server/hash_server.srcs/sources_1/bd/design_1/ipshared/b752/hdl/generic_baseblocks_v2_1_vl_rfs.v:62]
INFO: [Synth 8-6155] done synthesizing module 'generic_baseblocks_v2_1_0_comparator_static' (2#1) [c:/Users/jiangja5/hash_server/hash_server.srcs/sources_1/bd/design_1/ipshared/b752/hdl/generic_baseblocks_v2_1_vl_rfs.v:2133]
INFO: [Synth 8-6157] synthesizing module 'generic_baseblocks_v2_1_0_comparator_static__parameterized0' [c:/Users/jiangja5/hash_server/hash_server.srcs/sources_1/bd/design_1/ipshared/b752/hdl/generic_baseblocks_v2_1_vl_rfs.v:2133]
	Parameter C_FAMILY bound to: rtl - type: string 
	Parameter C_VALUE bound to: 30'b010000000110000000000000000000 
	Parameter C_DATA_WIDTH bound to: 30 - type: integer 
	Parameter C_BITS_PER_LUT bound to: 6 - type: integer 
	Parameter C_NUM_LUT bound to: 5 - type: integer 
	Parameter C_FIX_DATA_WIDTH bound to: 30 - type: integer 
INFO: [Synth 8-6155] done synthesizing module 'generic_baseblocks_v2_1_0_comparator_static__parameterized0' (2#1) [c:/Users/jiangja5/hash_server/hash_server.srcs/sources_1/bd/design_1/ipshared/b752/hdl/generic_baseblocks_v2_1_vl_rfs.v:2133]
INFO: [Synth 8-6157] synthesizing module 'generic_baseblocks_v2_1_0_comparator_static__parameterized1' [c:/Users/jiangja5/hash_server/hash_server.srcs/sources_1/bd/design_1/ipshared/b752/hdl/generic_baseblocks_v2_1_vl_rfs.v:2133]
	Parameter C_FAMILY bound to: rtl - type: string 
	Parameter C_VALUE bound to: 30'b100000000000000000000000000000 
	Parameter C_DATA_WIDTH bound to: 30 - type: integer 
	Parameter C_BITS_PER_LUT bound to: 6 - type: integer 
	Parameter C_NUM_LUT bound to: 5 - type: integer 
	Parameter C_FIX_DATA_WIDTH bound to: 30 - type: integer 
INFO: [Synth 8-6155] done synthesizing module 'generic_baseblocks_v2_1_0_comparator_static__parameterized1' (2#1) [c:/Users/jiangja5/hash_server/hash_server.srcs/sources_1/bd/design_1/ipshared/b752/hdl/generic_baseblocks_v2_1_vl_rfs.v:2133]
INFO: [Synth 8-6157] synthesizing module 'generic_baseblocks_v2_1_0_comparator_static__parameterized2' [c:/Users/jiangja5/hash_server/hash_server.srcs/sources_1/bd/design_1/ipshared/b752/hdl/generic_baseblocks_v2_1_vl_rfs.v:2133]
	Parameter C_FAMILY bound to: rtl - type: string 
	Parameter C_VALUE bound to: 30'b010000001100000000000000000000 
	Parameter C_DATA_WIDTH bound to: 30 - type: integer 
	Parameter C_BITS_PER_LUT bound to: 6 - type: integer 
	Parameter C_NUM_LUT bound to: 5 - type: integer 
	Parameter C_FIX_DATA_WIDTH bound to: 30 - type: integer 
INFO: [Synth 8-6155] done synthesizing module 'generic_baseblocks_v2_1_0_comparator_static__parameterized2' (2#1) [c:/Users/jiangja5/hash_server/hash_server.srcs/sources_1/bd/design_1/ipshared/b752/hdl/generic_baseblocks_v2_1_vl_rfs.v:2133]
INFO: [Synth 8-6157] synthesizing module 'generic_baseblocks_v2_1_0_comparator_static__parameterized3' [c:/Users/jiangja5/hash_server/hash_server.srcs/sources_1/bd/design_1/ipshared/b752/hdl/generic_baseblocks_v2_1_vl_rfs.v:2133]
	Parameter C_FAMILY bound to: rtl - type: string 
	Parameter C_VALUE bound to: 30'b010000011100000000000000000000 
	Parameter C_DATA_WIDTH bound to: 30 - type: integer 
	Parameter C_BITS_PER_LUT bound to: 6 - type: integer 
	Parameter C_NUM_LUT bound to: 5 - type: integer 
	Parameter C_FIX_DATA_WIDTH bound to: 30 - type: integer 
INFO: [Synth 8-6155] done synthesizing module 'generic_baseblocks_v2_1_0_comparator_static__parameterized3' (2#1) [c:/Users/jiangja5/hash_server/hash_server.srcs/sources_1/bd/design_1/ipshared/b752/hdl/generic_baseblocks_v2_1_vl_rfs.v:2133]
INFO: [Synth 8-6157] synthesizing module 'generic_baseblocks_v2_1_0_comparator_static__parameterized4' [c:/Users/jiangja5/hash_server/hash_server.srcs/sources_1/bd/design_1/ipshared/b752/hdl/generic_baseblocks_v2_1_vl_rfs.v:2133]
	Parameter C_FAMILY bound to: rtl - type: string 
	Parameter C_VALUE bound to: 30'b010001001010000000000000000000 
	Parameter C_DATA_WIDTH bound to: 30 - type: integer 
	Parameter C_BITS_PER_LUT bound to: 6 - type: integer 
	Parameter C_NUM_LUT bound to: 5 - type: integer 
	Parameter C_FIX_DATA_WIDTH bound to: 30 - type: integer 
INFO: [Synth 8-6155] done synthesizing module 'generic_baseblocks_v2_1_0_comparator_static__parameterized4' (2#1) [c:/Users/jiangja5/hash_server/hash_server.srcs/sources_1/bd/design_1/ipshared/b752/hdl/generic_baseblocks_v2_1_vl_rfs.v:2133]
INFO: [Synth 8-6157] synthesizing module 'generic_baseblocks_v2_1_0_comparator_static__parameterized5' [c:/Users/jiangja5/hash_server/hash_server.srcs/sources_1/bd/design_1/ipshared/b752/hdl/generic_baseblocks_v2_1_vl_rfs.v:2133]
	Parameter C_FAMILY bound to: rtl - type: string 
	Parameter C_VALUE bound to: 30'b010000000000000000000000000000 
	Parameter C_DATA_WIDTH bound to: 30 - type: integer 
	Parameter C_BITS_PER_LUT bound to: 6 - type: integer 
	Parameter C_NUM_LUT bound to: 5 - type: integer 
	Parameter C_FIX_DATA_WIDTH bound to: 30 - type: integer 
INFO: [Synth 8-6155] done synthesizing module 'generic_baseblocks_v2_1_0_comparator_static__parameterized5' (2#1) [c:/Users/jiangja5/hash_server/hash_server.srcs/sources_1/bd/design_1/ipshared/b752/hdl/generic_baseblocks_v2_1_vl_rfs.v:2133]
INFO: [Synth 8-6157] synthesizing module 'generic_baseblocks_v2_1_0_comparator_static__parameterized6' [c:/Users/jiangja5/hash_server/hash_server.srcs/sources_1/bd/design_1/ipshared/b752/hdl/generic_baseblocks_v2_1_vl_rfs.v:2133]
	Parameter C_FAMILY bound to: rtl - type: string 
	Parameter C_VALUE bound to: 30'b010000011110000000000000000000 
	Parameter C_DATA_WIDTH bound to: 30 - type: integer 
	Parameter C_BITS_PER_LUT bound to: 6 - type: integer 
	Parameter C_NUM_LUT bound to: 5 - type: integer 
	Parameter C_FIX_DATA_WIDTH bound to: 30 - type: integer 
INFO: [Synth 8-6155] done synthesizing module 'generic_baseblocks_v2_1_0_comparator_static__parameterized6' (2#1) [c:/Users/jiangja5/hash_server/hash_server.srcs/sources_1/bd/design_1/ipshared/b752/hdl/generic_baseblocks_v2_1_vl_rfs.v:2133]
INFO: [Synth 8-6155] done synthesizing module 'axi_crossbar_v2_1_19_addr_decoder' (3#1) [c:/Users/jiangja5/hash_server/hash_server.srcs/sources_1/bd/design_1/ipshared/6c9d/hdl/axi_crossbar_v2_1_vl_rfs.v:794]
INFO: [Synth 8-6157] synthesizing module 'generic_baseblocks_v2_1_0_mux_enc' [c:/Users/jiangja5/hash_server/hash_server.srcs/sources_1/bd/design_1/ipshared/b752/hdl/generic_baseblocks_v2_1_vl_rfs.v:2452]
	Parameter C_FAMILY bound to: rtl - type: string 
	Parameter C_RATIO bound to: 7 - type: integer 
	Parameter C_SEL_WIDTH bound to: 3 - type: integer 
	Parameter C_DATA_WIDTH bound to: 1 - type: integer 
INFO: [Synth 8-6155] done synthesizing module 'generic_baseblocks_v2_1_0_mux_enc' (4#1) [c:/Users/jiangja5/hash_server/hash_server.srcs/sources_1/bd/design_1/ipshared/b752/hdl/generic_baseblocks_v2_1_vl_rfs.v:2452]
INFO: [Synth 8-6157] synthesizing module 'generic_baseblocks_v2_1_0_mux_enc__parameterized0' [c:/Users/jiangja5/hash_server/hash_server.srcs/sources_1/bd/design_1/ipshared/b752/hdl/generic_baseblocks_v2_1_vl_rfs.v:2452]
	Parameter C_FAMILY bound to: rtl - type: string 
	Parameter C_RATIO bound to: 7 - type: integer 
	Parameter C_SEL_WIDTH bound to: 3 - type: integer 
	Parameter C_DATA_WIDTH bound to: 39 - type: integer 
INFO: [Synth 8-6155] done synthesizing module 'generic_baseblocks_v2_1_0_mux_enc__parameterized0' (4#1) [c:/Users/jiangja5/hash_server/hash_server.srcs/sources_1/bd/design_1/ipshared/b752/hdl/generic_baseblocks_v2_1_vl_rfs.v:2452]
INFO: [Synth 8-6157] synthesizing module 'axi_crossbar_v2_1_19_decerr_slave' [c:/Users/jiangja5/hash_server/hash_server.srcs/sources_1/bd/design_1/ipshared/6c9d/hdl/axi_crossbar_v2_1_vl_rfs.v:3501]
	Parameter C_AXI_ID_WIDTH bound to: 1 - type: integer 
	Parameter C_AXI_DATA_WIDTH bound to: 32 - type: integer 
	Parameter C_AXI_BUSER_WIDTH bound to: 1 - type: integer 
	Parameter C_AXI_RUSER_WIDTH bound to: 1 - type: integer 
	Parameter C_AXI_PROTOCOL bound to: 0 - type: integer 
	Parameter C_RESP bound to: 3 - type: integer 
	Parameter P_WRITE_IDLE bound to: 2'b00 
	Parameter P_WRITE_DATA bound to: 2'b01 
	Parameter P_WRITE_RESP bound to: 2'b10 
	Parameter P_READ_IDLE bound to: 1'b0 
	Parameter P_READ_DATA bound to: 1'b1 
	Parameter P_AXI4 bound to: 0 - type: integer 
	Parameter P_AXI3 bound to: 1 - type: integer 
	Parameter P_AXILITE bound to: 2 - type: integer 
INFO: [Synth 8-155] case statement is not full and has no default [c:/Users/jiangja5/hash_server/hash_server.srcs/sources_1/bd/design_1/ipshared/6c9d/hdl/axi_crossbar_v2_1_vl_rfs.v:3633]
INFO: [Synth 8-6155] done synthesizing module 'axi_crossbar_v2_1_19_decerr_slave' (5#1) [c:/Users/jiangja5/hash_server/hash_server.srcs/sources_1/bd/design_1/ipshared/6c9d/hdl/axi_crossbar_v2_1_vl_rfs.v:3501]
INFO: [Synth 8-6157] synthesizing module 'axi_crossbar_v2_1_19_addr_arbiter_sasd' [c:/Users/jiangja5/hash_server/hash_server.srcs/sources_1/bd/design_1/ipshared/6c9d/hdl/axi_crossbar_v2_1_vl_rfs.v:65]
	Parameter C_FAMILY bound to: artix7 - type: string 
	Parameter C_NUM_S bound to: 7 - type: integer 
	Parameter C_NUM_S_LOG bound to: 3 - type: integer 
	Parameter C_AMESG_WIDTH bound to: 66 - type: integer 
	Parameter C_GRANT_ENC bound to: 1 - type: integer 
	Parameter C_ARB_PRIORITY bound to: 224'b00000000000000000000000000000000000000000000000000000000000000000000000000000000000000000000000000000000000000000000000000000000000000000000000000000000000000000000000000000000000000000000000000000000000000000000000000000000 
	Parameter P_PRIO_MASK bound to: 7'b0000000 
INFO: [Synth 8-6157] synthesizing module 'generic_baseblocks_v2_1_0_mux_enc__parameterized1' [c:/Users/jiangja5/hash_server/hash_server.srcs/sources_1/bd/design_1/ipshared/b752/hdl/generic_baseblocks_v2_1_vl_rfs.v:2452]
	Parameter C_FAMILY bound to: rtl - type: string 
	Parameter C_RATIO bound to: 7 - type: integer 
	Parameter C_SEL_WIDTH bound to: 3 - type: integer 
	Parameter C_DATA_WIDTH bound to: 66 - type: integer 
INFO: [Synth 8-6155] done synthesizing module 'generic_baseblocks_v2_1_0_mux_enc__parameterized1' (5#1) [c:/Users/jiangja5/hash_server/hash_server.srcs/sources_1/bd/design_1/ipshared/b752/hdl/generic_baseblocks_v2_1_vl_rfs.v:2452]
INFO: [Synth 8-6155] done synthesizing module 'axi_crossbar_v2_1_19_addr_arbiter_sasd' (6#1) [c:/Users/jiangja5/hash_server/hash_server.srcs/sources_1/bd/design_1/ipshared/6c9d/hdl/axi_crossbar_v2_1_vl_rfs.v:65]
INFO: [Synth 8-6157] synthesizing module 'axi_crossbar_v2_1_19_splitter' [c:/Users/jiangja5/hash_server/hash_server.srcs/sources_1/bd/design_1/ipshared/6c9d/hdl/axi_crossbar_v2_1_vl_rfs.v:4461]
	Parameter C_NUM_M bound to: 3 - type: integer 
INFO: [Synth 8-6155] done synthesizing module 'axi_crossbar_v2_1_19_splitter' (7#1) [c:/Users/jiangja5/hash_server/hash_server.srcs/sources_1/bd/design_1/ipshared/6c9d/hdl/axi_crossbar_v2_1_vl_rfs.v:4461]
INFO: [Synth 8-6157] synthesizing module 'axi_crossbar_v2_1_19_splitter__parameterized0' [c:/Users/jiangja5/hash_server/hash_server.srcs/sources_1/bd/design_1/ipshared/6c9d/hdl/axi_crossbar_v2_1_vl_rfs.v:4461]
	Parameter C_NUM_M bound to: 2 - type: integer 
INFO: [Synth 8-6155] done synthesizing module 'axi_crossbar_v2_1_19_splitter__parameterized0' (7#1) [c:/Users/jiangja5/hash_server/hash_server.srcs/sources_1/bd/design_1/ipshared/6c9d/hdl/axi_crossbar_v2_1_vl_rfs.v:4461]
INFO: [Synth 8-6157] synthesizing module 'generic_baseblocks_v2_1_0_mux_enc__parameterized2' [c:/Users/jiangja5/hash_server/hash_server.srcs/sources_1/bd/design_1/ipshared/b752/hdl/generic_baseblocks_v2_1_vl_rfs.v:2452]
	Parameter C_FAMILY bound to: rtl - type: string 
	Parameter C_RATIO bound to: 9 - type: integer 
	Parameter C_SEL_WIDTH bound to: 4 - type: integer 
	Parameter C_DATA_WIDTH bound to: 1 - type: integer 
INFO: [Synth 8-6155] done synthesizing module 'generic_baseblocks_v2_1_0_mux_enc__parameterized2' (7#1) [c:/Users/jiangja5/hash_server/hash_server.srcs/sources_1/bd/design_1/ipshared/b752/hdl/generic_baseblocks_v2_1_vl_rfs.v:2452]
INFO: [Synth 8-6157] synthesizing module 'generic_baseblocks_v2_1_0_mux_enc__parameterized3' [c:/Users/jiangja5/hash_server/hash_server.srcs/sources_1/bd/design_1/ipshared/b752/hdl/generic_baseblocks_v2_1_vl_rfs.v:2452]
	Parameter C_FAMILY bound to: rtl - type: string 
	Parameter C_RATIO bound to: 9 - type: integer 
	Parameter C_SEL_WIDTH bound to: 4 - type: integer 
	Parameter C_DATA_WIDTH bound to: 36 - type: integer 
INFO: [Synth 8-6155] done synthesizing module 'generic_baseblocks_v2_1_0_mux_enc__parameterized3' (7#1) [c:/Users/jiangja5/hash_server/hash_server.srcs/sources_1/bd/design_1/ipshared/b752/hdl/generic_baseblocks_v2_1_vl_rfs.v:2452]
INFO: [Synth 8-6157] synthesizing module 'axi_register_slice_v2_1_18_axic_register_slice' [c:/Users/jiangja5/hash_server/hash_server.srcs/sources_1/bd/design_1/ipshared/cc23/hdl/axi_register_slice_v2_1_vl_rfs.v:409]
	Parameter C_FAMILY bound to: artix7 - type: string 
	Parameter C_DATA_WIDTH bound to: 36 - type: integer 
	Parameter C_REG_CONFIG bound to: 1 - type: integer 
INFO: [Synth 8-6155] done synthesizing module 'axi_register_slice_v2_1_18_axic_register_slice' (8#1) [c:/Users/jiangja5/hash_server/hash_server.srcs/sources_1/bd/design_1/ipshared/cc23/hdl/axi_register_slice_v2_1_vl_rfs.v:409]
INFO: [Synth 8-6157] synthesizing module 'generic_baseblocks_v2_1_0_mux_enc__parameterized4' [c:/Users/jiangja5/hash_server/hash_server.srcs/sources_1/bd/design_1/ipshared/b752/hdl/generic_baseblocks_v2_1_vl_rfs.v:2452]
	Parameter C_FAMILY bound to: rtl - type: string 
	Parameter C_RATIO bound to: 9 - type: integer 
	Parameter C_SEL_WIDTH bound to: 4 - type: integer 
	Parameter C_DATA_WIDTH bound to: 3 - type: integer 
INFO: [Synth 8-6155] done synthesizing module 'generic_baseblocks_v2_1_0_mux_enc__parameterized4' (8#1) [c:/Users/jiangja5/hash_server/hash_server.srcs/sources_1/bd/design_1/ipshared/b752/hdl/generic_baseblocks_v2_1_vl_rfs.v:2452]
WARNING: [Synth 8-6014] Unused sequential element gen_debug_trans_seq.debug_aw_trans_seq_i_reg was removed.  [c:/Users/jiangja5/hash_server/hash_server.srcs/sources_1/bd/design_1/ipshared/6c9d/hdl/axi_crossbar_v2_1_vl_rfs.v:2056]
WARNING: [Synth 8-6014] Unused sequential element gen_debug_trans_seq.debug_ar_trans_seq_i_reg was removed.  [c:/Users/jiangja5/hash_server/hash_server.srcs/sources_1/bd/design_1/ipshared/6c9d/hdl/axi_crossbar_v2_1_vl_rfs.v:2067]
WARNING: [Synth 8-6014] Unused sequential element gen_debug_trans_seq.debug_w_beat_cnt_i_reg was removed.  [c:/Users/jiangja5/hash_server/hash_server.srcs/sources_1/bd/design_1/ipshared/6c9d/hdl/axi_crossbar_v2_1_vl_rfs.v:2078]
WARNING: [Synth 8-6014] Unused sequential element gen_debug_trans_seq.debug_r_beat_cnt_i_reg was removed.  [c:/Users/jiangja5/hash_server/hash_server.srcs/sources_1/bd/design_1/ipshared/6c9d/hdl/axi_crossbar_v2_1_vl_rfs.v:2091]
INFO: [Synth 8-6155] done synthesizing module 'axi_crossbar_v2_1_19_crossbar_sasd' (9#1) [c:/Users/jiangja5/hash_server/hash_server.srcs/sources_1/bd/design_1/ipshared/6c9d/hdl/axi_crossbar_v2_1_vl_rfs.v:1240]
INFO: [Synth 8-6155] done synthesizing module 'axi_crossbar_v2_1_19_axi_crossbar' (10#1) [c:/Users/jiangja5/hash_server/hash_server.srcs/sources_1/bd/design_1/ipshared/6c9d/hdl/axi_crossbar_v2_1_vl_rfs.v:4884]
INFO: [Synth 8-6155] done synthesizing module 'design_1_xbar_0' (11#1) [c:/Users/jiangja5/hash_server/hash_server.srcs/sources_1/bd/design_1/ip/design_1_xbar_0/synth/design_1_xbar_0.v:60]
WARNING: [Synth 8-3331] design axi_crossbar_v2_1_19_addr_decoder has unconnected port ADDR[1]
WARNING: [Synth 8-3331] design axi_crossbar_v2_1_19_addr_decoder has unconnected port ADDR[0]
WARNING: [Synth 8-3331] design axi_crossbar_v2_1_19_crossbar_sasd has unconnected port S_AXI_AWID[20]
WARNING: [Synth 8-3331] design axi_crossbar_v2_1_19_crossbar_sasd has unconnected port S_AXI_AWID[19]
WARNING: [Synth 8-3331] design axi_crossbar_v2_1_19_crossbar_sasd has unconnected port S_AXI_AWID[18]
WARNING: [Synth 8-3331] design axi_crossbar_v2_1_19_crossbar_sasd has unconnected port S_AXI_AWID[17]
WARNING: [Synth 8-3331] design axi_crossbar_v2_1_19_crossbar_sasd has unconnected port S_AXI_AWID[16]
WARNING: [Synth 8-3331] design axi_crossbar_v2_1_19_crossbar_sasd has unconnected port S_AXI_AWID[15]
WARNING: [Synth 8-3331] design axi_crossbar_v2_1_19_crossbar_sasd has unconnected port S_AXI_AWID[14]
WARNING: [Synth 8-3331] design axi_crossbar_v2_1_19_crossbar_sasd has unconnected port S_AXI_AWID[13]
WARNING: [Synth 8-3331] design axi_crossbar_v2_1_19_crossbar_sasd has unconnected port S_AXI_AWID[12]
WARNING: [Synth 8-3331] design axi_crossbar_v2_1_19_crossbar_sasd has unconnected port S_AXI_AWID[11]
WARNING: [Synth 8-3331] design axi_crossbar_v2_1_19_crossbar_sasd has unconnected port S_AXI_AWID[10]
WARNING: [Synth 8-3331] design axi_crossbar_v2_1_19_crossbar_sasd has unconnected port S_AXI_AWID[9]
WARNING: [Synth 8-3331] design axi_crossbar_v2_1_19_crossbar_sasd has unconnected port S_AXI_AWID[8]
WARNING: [Synth 8-3331] design axi_crossbar_v2_1_19_crossbar_sasd has unconnected port S_AXI_AWID[7]
WARNING: [Synth 8-3331] design axi_crossbar_v2_1_19_crossbar_sasd has unconnected port S_AXI_AWID[6]
WARNING: [Synth 8-3331] design axi_crossbar_v2_1_19_crossbar_sasd has unconnected port S_AXI_AWID[5]
WARNING: [Synth 8-3331] design axi_crossbar_v2_1_19_crossbar_sasd has unconnected port S_AXI_AWID[4]
WARNING: [Synth 8-3331] design axi_crossbar_v2_1_19_crossbar_sasd has unconnected port S_AXI_AWID[3]
WARNING: [Synth 8-3331] design axi_crossbar_v2_1_19_crossbar_sasd has unconnected port S_AXI_AWID[2]
WARNING: [Synth 8-3331] design axi_crossbar_v2_1_19_crossbar_sasd has unconnected port S_AXI_AWID[1]
WARNING: [Synth 8-3331] design axi_crossbar_v2_1_19_crossbar_sasd has unconnected port S_AXI_AWID[0]
WARNING: [Synth 8-3331] design axi_crossbar_v2_1_19_crossbar_sasd has unconnected port S_AXI_WID[20]
WARNING: [Synth 8-3331] design axi_crossbar_v2_1_19_crossbar_sasd has unconnected port S_AXI_WID[19]
WARNING: [Synth 8-3331] design axi_crossbar_v2_1_19_crossbar_sasd has unconnected port S_AXI_WID[18]
WARNING: [Synth 8-3331] design axi_crossbar_v2_1_19_crossbar_sasd has unconnected port S_AXI_WID[17]
WARNING: [Synth 8-3331] design axi_crossbar_v2_1_19_crossbar_sasd has unconnected port S_AXI_WID[16]
WARNING: [Synth 8-3331] design axi_crossbar_v2_1_19_crossbar_sasd has unconnected port S_AXI_WID[15]
WARNING: [Synth 8-3331] design axi_crossbar_v2_1_19_crossbar_sasd has unconnected port S_AXI_WID[14]
WARNING: [Synth 8-3331] design axi_crossbar_v2_1_19_crossbar_sasd has unconnected port S_AXI_WID[13]
WARNING: [Synth 8-3331] design axi_crossbar_v2_1_19_crossbar_sasd has unconnected port S_AXI_WID[12]
WARNING: [Synth 8-3331] design axi_crossbar_v2_1_19_crossbar_sasd has unconnected port S_AXI_WID[11]
WARNING: [Synth 8-3331] design axi_crossbar_v2_1_19_crossbar_sasd has unconnected port S_AXI_WID[10]
WARNING: [Synth 8-3331] design axi_crossbar_v2_1_19_crossbar_sasd has unconnected port S_AXI_WID[9]
WARNING: [Synth 8-3331] design axi_crossbar_v2_1_19_crossbar_sasd has unconnected port S_AXI_WID[8]
WARNING: [Synth 8-3331] design axi_crossbar_v2_1_19_crossbar_sasd has unconnected port S_AXI_WID[7]
WARNING: [Synth 8-3331] design axi_crossbar_v2_1_19_crossbar_sasd has unconnected port S_AXI_WID[6]
WARNING: [Synth 8-3331] design axi_crossbar_v2_1_19_crossbar_sasd has unconnected port S_AXI_WID[5]
WARNING: [Synth 8-3331] design axi_crossbar_v2_1_19_crossbar_sasd has unconnected port S_AXI_WID[4]
WARNING: [Synth 8-3331] design axi_crossbar_v2_1_19_crossbar_sasd has unconnected port S_AXI_WID[3]
WARNING: [Synth 8-3331] design axi_crossbar_v2_1_19_crossbar_sasd has unconnected port S_AXI_WID[2]
WARNING: [Synth 8-3331] design axi_crossbar_v2_1_19_crossbar_sasd has unconnected port S_AXI_WID[1]
WARNING: [Synth 8-3331] design axi_crossbar_v2_1_19_crossbar_sasd has unconnected port S_AXI_WID[0]
WARNING: [Synth 8-3331] design axi_crossbar_v2_1_19_crossbar_sasd has unconnected port S_AXI_ARID[20]
WARNING: [Synth 8-3331] design axi_crossbar_v2_1_19_crossbar_sasd has unconnected port S_AXI_ARID[19]
WARNING: [Synth 8-3331] design axi_crossbar_v2_1_19_crossbar_sasd has unconnected port S_AXI_ARID[18]
WARNING: [Synth 8-3331] design axi_crossbar_v2_1_19_crossbar_sasd has unconnected port S_AXI_ARID[17]
WARNING: [Synth 8-3331] design axi_crossbar_v2_1_19_crossbar_sasd has unconnected port S_AXI_ARID[16]
WARNING: [Synth 8-3331] design axi_crossbar_v2_1_19_crossbar_sasd has unconnected port S_AXI_ARID[15]
WARNING: [Synth 8-3331] design axi_crossbar_v2_1_19_crossbar_sasd has unconnected port S_AXI_ARID[14]
WARNING: [Synth 8-3331] design axi_crossbar_v2_1_19_crossbar_sasd has unconnected port S_AXI_ARID[13]
WARNING: [Synth 8-3331] design axi_crossbar_v2_1_19_crossbar_sasd has unconnected port S_AXI_ARID[12]
WARNING: [Synth 8-3331] design axi_crossbar_v2_1_19_crossbar_sasd has unconnected port S_AXI_ARID[11]
WARNING: [Synth 8-3331] design axi_crossbar_v2_1_19_crossbar_sasd has unconnected port S_AXI_ARID[10]
WARNING: [Synth 8-3331] design axi_crossbar_v2_1_19_crossbar_sasd has unconnected port S_AXI_ARID[9]
WARNING: [Synth 8-3331] design axi_crossbar_v2_1_19_crossbar_sasd has unconnected port S_AXI_ARID[8]
WARNING: [Synth 8-3331] design axi_crossbar_v2_1_19_crossbar_sasd has unconnected port S_AXI_ARID[7]
WARNING: [Synth 8-3331] design axi_crossbar_v2_1_19_crossbar_sasd has unconnected port S_AXI_ARID[6]
WARNING: [Synth 8-3331] design axi_crossbar_v2_1_19_crossbar_sasd has unconnected port S_AXI_ARID[5]
WARNING: [Synth 8-3331] design axi_crossbar_v2_1_19_crossbar_sasd has unconnected port S_AXI_ARID[4]
WARNING: [Synth 8-3331] design axi_crossbar_v2_1_19_crossbar_sasd has unconnected port S_AXI_ARID[3]
WARNING: [Synth 8-3331] design axi_crossbar_v2_1_19_crossbar_sasd has unconnected port S_AXI_ARID[2]
WARNING: [Synth 8-3331] design axi_crossbar_v2_1_19_crossbar_sasd has unconnected port S_AXI_ARID[1]
WARNING: [Synth 8-3331] design axi_crossbar_v2_1_19_crossbar_sasd has unconnected port S_AXI_ARID[0]
WARNING: [Synth 8-3331] design axi_crossbar_v2_1_19_crossbar_sasd has unconnected port M_AXI_BID[23]
WARNING: [Synth 8-3331] design axi_crossbar_v2_1_19_crossbar_sasd has unconnected port M_AXI_BID[22]
WARNING: [Synth 8-3331] design axi_crossbar_v2_1_19_crossbar_sasd has unconnected port M_AXI_BID[21]
WARNING: [Synth 8-3331] design axi_crossbar_v2_1_19_crossbar_sasd has unconnected port M_AXI_BID[20]
WARNING: [Synth 8-3331] design axi_crossbar_v2_1_19_crossbar_sasd has unconnected port M_AXI_BID[19]
WARNING: [Synth 8-3331] design axi_crossbar_v2_1_19_crossbar_sasd has unconnected port M_AXI_BID[18]
WARNING: [Synth 8-3331] design axi_crossbar_v2_1_19_crossbar_sasd has unconnected port M_AXI_BID[17]
WARNING: [Synth 8-3331] design axi_crossbar_v2_1_19_crossbar_sasd has unconnected port M_AXI_BID[16]
WARNING: [Synth 8-3331] design axi_crossbar_v2_1_19_crossbar_sasd has unconnected port M_AXI_BID[15]
WARNING: [Synth 8-3331] design axi_crossbar_v2_1_19_crossbar_sasd has unconnected port M_AXI_BID[14]
WARNING: [Synth 8-3331] design axi_crossbar_v2_1_19_crossbar_sasd has unconnected port M_AXI_BID[13]
WARNING: [Synth 8-3331] design axi_crossbar_v2_1_19_crossbar_sasd has unconnected port M_AXI_BID[12]
WARNING: [Synth 8-3331] design axi_crossbar_v2_1_19_crossbar_sasd has unconnected port M_AXI_BID[11]
WARNING: [Synth 8-3331] design axi_crossbar_v2_1_19_crossbar_sasd has unconnected port M_AXI_BID[10]
WARNING: [Synth 8-3331] design axi_crossbar_v2_1_19_crossbar_sasd has unconnected port M_AXI_BID[9]
WARNING: [Synth 8-3331] design axi_crossbar_v2_1_19_crossbar_sasd has unconnected port M_AXI_BID[8]
WARNING: [Synth 8-3331] design axi_crossbar_v2_1_19_crossbar_sasd has unconnected port M_AXI_BID[7]
WARNING: [Synth 8-3331] design axi_crossbar_v2_1_19_crossbar_sasd has unconnected port M_AXI_BID[6]
WARNING: [Synth 8-3331] design axi_crossbar_v2_1_19_crossbar_sasd has unconnected port M_AXI_BID[5]
WARNING: [Synth 8-3331] design axi_crossbar_v2_1_19_crossbar_sasd has unconnected port M_AXI_BID[4]
WARNING: [Synth 8-3331] design axi_crossbar_v2_1_19_crossbar_sasd has unconnected port M_AXI_BID[3]
WARNING: [Synth 8-3331] design axi_crossbar_v2_1_19_crossbar_sasd has unconnected port M_AXI_BID[2]
WARNING: [Synth 8-3331] design axi_crossbar_v2_1_19_crossbar_sasd has unconnected port M_AXI_BID[1]
WARNING: [Synth 8-3331] design axi_crossbar_v2_1_19_crossbar_sasd has unconnected port M_AXI_BID[0]
WARNING: [Synth 8-3331] design axi_crossbar_v2_1_19_crossbar_sasd has unconnected port M_AXI_RID[23]
WARNING: [Synth 8-3331] design axi_crossbar_v2_1_19_crossbar_sasd has unconnected port M_AXI_RID[22]
WARNING: [Synth 8-3331] design axi_crossbar_v2_1_19_crossbar_sasd has unconnected port M_AXI_RID[21]
WARNING: [Synth 8-3331] design axi_crossbar_v2_1_19_crossbar_sasd has unconnected port M_AXI_RID[20]
WARNING: [Synth 8-3331] design axi_crossbar_v2_1_19_crossbar_sasd has unconnected port M_AXI_RID[19]
WARNING: [Synth 8-3331] design axi_crossbar_v2_1_19_crossbar_sasd has unconnected port M_AXI_RID[18]
WARNING: [Synth 8-3331] design axi_crossbar_v2_1_19_crossbar_sasd has unconnected port M_AXI_RID[17]
WARNING: [Synth 8-3331] design axi_crossbar_v2_1_19_crossbar_sasd has unconnected port M_AXI_RID[16]
WARNING: [Synth 8-3331] design axi_crossbar_v2_1_19_crossbar_sasd has unconnected port M_AXI_RID[15]
WARNING: [Synth 8-3331] design axi_crossbar_v2_1_19_crossbar_sasd has unconnected port M_AXI_RID[14]
WARNING: [Synth 8-3331] design axi_crossbar_v2_1_19_crossbar_sasd has unconnected port M_AXI_RID[13]
INFO: [Common 17-14] Message 'Synth 8-3331' appears 100 times and further instances of the messages will be disabled. Use the Tcl command set_msg_config to change the current settings.
---------------------------------------------------------------------------------
Finished RTL Elaboration : Time (s): cpu = 00:00:13 ; elapsed = 00:00:15 . Memory (MB): peak = 645.461 ; gain = 265.785
---------------------------------------------------------------------------------

Report Check Netlist: 
+------+------------------+-------+---------+-------+------------------+
|      |Item              |Errors |Warnings |Status |Description       |
+------+------------------+-------+---------+-------+------------------+
|1     |multi_driven_nets |      0|        0|Passed |Multi driven nets |
+------+------------------+-------+---------+-------+------------------+
---------------------------------------------------------------------------------
Start Handling Custom Attributes
---------------------------------------------------------------------------------
---------------------------------------------------------------------------------
Finished Handling Custom Attributes : Time (s): cpu = 00:00:13 ; elapsed = 00:00:15 . Memory (MB): peak = 645.461 ; gain = 265.785
---------------------------------------------------------------------------------
---------------------------------------------------------------------------------
Finished RTL Optimization Phase 1 : Time (s): cpu = 00:00:13 ; elapsed = 00:00:15 . Memory (MB): peak = 645.461 ; gain = 265.785
---------------------------------------------------------------------------------
INFO: [Device 21-403] Loading part xc7a200tsbg484-1
INFO: [Project 1-570] Preparing netlist for logic optimization

Processing XDC Constraints
Initializing timing engine
Parsing XDC File [c:/Users/jiangja5/hash_server/hash_server.srcs/sources_1/bd/design_1/ip/design_1_xbar_0/design_1_xbar_0_ooc.xdc] for cell 'inst'
Finished Parsing XDC File [c:/Users/jiangja5/hash_server/hash_server.srcs/sources_1/bd/design_1/ip/design_1_xbar_0/design_1_xbar_0_ooc.xdc] for cell 'inst'
Parsing XDC File [C:/Users/jiangja5/hash_server/hash_server.runs/design_1_xbar_0_synth_1/dont_touch.xdc]
Finished Parsing XDC File [C:/Users/jiangja5/hash_server/hash_server.runs/design_1_xbar_0_synth_1/dont_touch.xdc]
Completed Processing XDC Constraints

Netlist sorting complete. Time (s): cpu = 00:00:00 ; elapsed = 00:00:00.001 . Memory (MB): peak = 938.535 ; gain = 0.000
INFO: [Project 1-111] Unisim Transformation Summary:
No Unisim elements were transformed.

Netlist sorting complete. Time (s): cpu = 00:00:00 ; elapsed = 00:00:00.001 . Memory (MB): peak = 938.547 ; gain = 0.000
Constraint Validation Runtime : Time (s): cpu = 00:00:00 ; elapsed = 00:00:00.106 . Memory (MB): peak = 940.320 ; gain = 1.785
---------------------------------------------------------------------------------
Finished Constraint Validation : Time (s): cpu = 00:00:23 ; elapsed = 00:00:26 . Memory (MB): peak = 940.320 ; gain = 560.645
---------------------------------------------------------------------------------
---------------------------------------------------------------------------------
Start Loading Part and Timing Information
---------------------------------------------------------------------------------
Loading part: xc7a200tsbg484-1
---------------------------------------------------------------------------------
Finished Loading Part and Timing Information : Time (s): cpu = 00:00:23 ; elapsed = 00:00:26 . Memory (MB): peak = 940.320 ; gain = 560.645
---------------------------------------------------------------------------------
---------------------------------------------------------------------------------
Start Applying 'set_property' XDC Constraints
---------------------------------------------------------------------------------
Applied set_property DONT_TOUCH = true for inst. (constraint file  C:/Users/jiangja5/hash_server/hash_server.runs/design_1_xbar_0_synth_1/dont_touch.xdc, line 9).
---------------------------------------------------------------------------------
Finished applying 'set_property' XDC Constraints : Time (s): cpu = 00:00:23 ; elapsed = 00:00:26 . Memory (MB): peak = 940.320 ; gain = 560.645
---------------------------------------------------------------------------------
INFO: [Synth 8-5544] ROM "f_mux_return6" won't be mapped to Block RAM because address size (3) smaller than threshold (5)
INFO: [Synth 8-5544] ROM "f_mux_return6" won't be mapped to Block RAM because address size (3) smaller than threshold (5)
INFO: [Synth 8-5544] ROM "f_mux_return5" won't be mapped to Block RAM because address size (3) smaller than threshold (5)
INFO: [Synth 8-5544] ROM "f_mux_return4" won't be mapped to Block RAM because address size (3) smaller than threshold (5)
INFO: [Synth 8-5544] ROM "f_mux_return3" won't be mapped to Block RAM because address size (3) smaller than threshold (5)
INFO: [Synth 8-5544] ROM "f_mux_return2" won't be mapped to Block RAM because address size (3) smaller than threshold (5)
INFO: [Synth 8-5544] ROM "f_mux_return1" won't be mapped to Block RAM because address size (3) smaller than threshold (5)
INFO: [Synth 8-5544] ROM "f_mux_return6" won't be mapped to Block RAM because address size (3) smaller than threshold (5)
INFO: [Synth 8-5544] ROM "f_mux_return6" won't be mapped to Block RAM because address size (3) smaller than threshold (5)
INFO: [Synth 8-5544] ROM "f_mux_return5" won't be mapped to Block RAM because address size (3) smaller than threshold (5)
INFO: [Synth 8-5544] ROM "f_mux_return4" won't be mapped to Block RAM because address size (3) smaller than threshold (5)
INFO: [Synth 8-5544] ROM "f_mux_return3" won't be mapped to Block RAM because address size (3) smaller than threshold (5)
INFO: [Synth 8-5544] ROM "f_mux_return2" won't be mapped to Block RAM because address size (3) smaller than threshold (5)
INFO: [Synth 8-5544] ROM "f_mux_return1" won't be mapped to Block RAM because address size (3) smaller than threshold (5)
INFO: [Synth 8-4471] merging register 'gen_axi.s_axi_rvalid_i_reg' into 'gen_axi.read_cs_reg[0:0]' [c:/Users/jiangja5/hash_server/hash_server.srcs/sources_1/bd/design_1/ipshared/6c9d/hdl/axi_crossbar_v2_1_vl_rfs.v:3669]
INFO: [Synth 8-802] inferred FSM for state register 'gen_axi.write_cs_reg' in module 'axi_crossbar_v2_1_19_decerr_slave'
INFO: [Synth 8-5546] ROM "gen_axi.read_cs" won't be mapped to RAM because it is too sparse
INFO: [Synth 8-5546] ROM "gen_axi.s_axi_rlast_i" won't be mapped to RAM because it is too sparse
INFO: [Synth 8-5546] ROM "gen_axi.s_axi_rlast_i" won't be mapped to RAM because it is too sparse
INFO: [Synth 8-5544] ROM "f_mux_return6" won't be mapped to Block RAM because address size (3) smaller than threshold (5)
INFO: [Synth 8-5544] ROM "f_mux_return6" won't be mapped to Block RAM because address size (3) smaller than threshold (5)
INFO: [Synth 8-5544] ROM "f_mux_return5" won't be mapped to Block RAM because address size (3) smaller than threshold (5)
INFO: [Synth 8-5544] ROM "f_mux_return4" won't be mapped to Block RAM because address size (3) smaller than threshold (5)
INFO: [Synth 8-5544] ROM "f_mux_return3" won't be mapped to Block RAM because address size (3) smaller than threshold (5)
INFO: [Synth 8-5544] ROM "f_mux_return2" won't be mapped to Block RAM because address size (3) smaller than threshold (5)
INFO: [Synth 8-5544] ROM "f_mux_return1" won't be mapped to Block RAM because address size (3) smaller than threshold (5)
INFO: [Synth 8-5544] ROM "f_mux_return8" won't be mapped to Block RAM because address size (4) smaller than threshold (5)
INFO: [Synth 8-5544] ROM "f_mux_return8" won't be mapped to Block RAM because address size (4) smaller than threshold (5)
INFO: [Synth 8-5544] ROM "f_mux_return7" won't be mapped to Block RAM because address size (4) smaller than threshold (5)
INFO: [Synth 8-5544] ROM "f_mux_return6" won't be mapped to Block RAM because address size (4) smaller than threshold (5)
INFO: [Synth 8-5544] ROM "f_mux_return5" won't be mapped to Block RAM because address size (4) smaller than threshold (5)
INFO: [Synth 8-5544] ROM "f_mux_return4" won't be mapped to Block RAM because address size (4) smaller than threshold (5)
INFO: [Synth 8-5544] ROM "f_mux_return3" won't be mapped to Block RAM because address size (4) smaller than threshold (5)
INFO: [Synth 8-5544] ROM "f_mux_return2" won't be mapped to Block RAM because address size (4) smaller than threshold (5)
INFO: [Synth 8-5544] ROM "f_mux_return1" won't be mapped to Block RAM because address size (4) smaller than threshold (5)
INFO: [Synth 8-5544] ROM "f_mux_return8" won't be mapped to Block RAM because address size (4) smaller than threshold (5)
INFO: [Synth 8-5544] ROM "f_mux_return8" won't be mapped to Block RAM because address size (4) smaller than threshold (5)
INFO: [Synth 8-5544] ROM "f_mux_return7" won't be mapped to Block RAM because address size (4) smaller than threshold (5)
INFO: [Synth 8-5544] ROM "f_mux_return6" won't be mapped to Block RAM because address size (4) smaller than threshold (5)
INFO: [Synth 8-5544] ROM "f_mux_return5" won't be mapped to Block RAM because address size (4) smaller than threshold (5)
INFO: [Synth 8-5544] ROM "f_mux_return4" won't be mapped to Block RAM because address size (4) smaller than threshold (5)
INFO: [Synth 8-5544] ROM "f_mux_return3" won't be mapped to Block RAM because address size (4) smaller than threshold (5)
INFO: [Synth 8-5544] ROM "f_mux_return2" won't be mapped to Block RAM because address size (4) smaller than threshold (5)
INFO: [Synth 8-5544] ROM "f_mux_return1" won't be mapped to Block RAM because address size (4) smaller than threshold (5)
INFO: [Synth 8-5544] ROM "f_mux_return8" won't be mapped to Block RAM because address size (4) smaller than threshold (5)
INFO: [Synth 8-5544] ROM "f_mux_return8" won't be mapped to Block RAM because address size (4) smaller than threshold (5)
INFO: [Synth 8-5544] ROM "f_mux_return7" won't be mapped to Block RAM because address size (4) smaller than threshold (5)
INFO: [Synth 8-5544] ROM "f_mux_return6" won't be mapped to Block RAM because address size (4) smaller than threshold (5)
INFO: [Synth 8-5544] ROM "f_mux_return5" won't be mapped to Block RAM because address size (4) smaller than threshold (5)
INFO: [Synth 8-5544] ROM "f_mux_return4" won't be mapped to Block RAM because address size (4) smaller than threshold (5)
INFO: [Synth 8-5544] ROM "f_mux_return3" won't be mapped to Block RAM because address size (4) smaller than threshold (5)
INFO: [Synth 8-5544] ROM "f_mux_return2" won't be mapped to Block RAM because address size (4) smaller than threshold (5)
INFO: [Synth 8-5544] ROM "f_mux_return1" won't be mapped to Block RAM because address size (4) smaller than threshold (5)
---------------------------------------------------------------------------------------------------
                   State |                     New Encoding |                Previous Encoding 
---------------------------------------------------------------------------------------------------
            P_WRITE_IDLE |                              001 |                               00
            P_WRITE_DATA |                              010 |                               01
            P_WRITE_RESP |                              100 |                               10
---------------------------------------------------------------------------------------------------
INFO: [Synth 8-3354] encoded FSM with state register 'gen_axi.write_cs_reg' using encoding 'one-hot' in module 'axi_crossbar_v2_1_19_decerr_slave'
---------------------------------------------------------------------------------
Finished RTL Optimization Phase 2 : Time (s): cpu = 00:00:24 ; elapsed = 00:00:28 . Memory (MB): peak = 940.320 ; gain = 560.645
---------------------------------------------------------------------------------

Report RTL Partitions: 
+-+--------------+------------+----------+
| |RTL Partition |Replication |Instances |
+-+--------------+------------+----------+
+-+--------------+------------+----------+
---------------------------------------------------------------------------------
Start RTL Component Statistics 
---------------------------------------------------------------------------------
Detailed RTL Component Info : 
+---Adders : 
	   2 Input      8 Bit       Adders := 1     
+---Registers : 
	               66 Bit    Registers := 1     
	               36 Bit    Registers := 2     
	                9 Bit    Registers := 1     
	                8 Bit    Registers := 1     
	                7 Bit    Registers := 5     
	                4 Bit    Registers := 1     
	                3 Bit    Registers := 2     
	                2 Bit    Registers := 2     
	                1 Bit    Registers := 14    
+---Muxes : 
	   2 Input     66 Bit        Muxes := 7     
	   2 Input     36 Bit        Muxes := 2     
	   2 Input      9 Bit        Muxes := 1     
	   2 Input      8 Bit        Muxes := 2     
	   2 Input      4 Bit        Muxes := 1     
	   2 Input      3 Bit        Muxes := 1     
	   2 Input      1 Bit        Muxes := 116   
	   3 Input      1 Bit        Muxes := 9     
---------------------------------------------------------------------------------
Finished RTL Component Statistics 
---------------------------------------------------------------------------------
---------------------------------------------------------------------------------
Start RTL Hierarchical Component Statistics 
---------------------------------------------------------------------------------
Hierarchical RTL Component report 
Module axi_crossbar_v2_1_19_addr_decoder 
Detailed RTL Component Info : 
+---Muxes : 
	   2 Input      8 Bit        Muxes := 1     
Module generic_baseblocks_v2_1_0_mux_enc 
Detailed RTL Component Info : 
+---Muxes : 
	   2 Input      1 Bit        Muxes := 7     
Module generic_baseblocks_v2_1_0_mux_enc__parameterized0 
Detailed RTL Component Info : 
+---Muxes : 
	   2 Input      1 Bit        Muxes := 7     
Module axi_crossbar_v2_1_19_decerr_slave 
Detailed RTL Component Info : 
+---Adders : 
	   2 Input      8 Bit       Adders := 1     
+---Registers : 
	                8 Bit    Registers := 1     
	                1 Bit    Registers := 8     
+---Muxes : 
	   2 Input      8 Bit        Muxes := 1     
	   3 Input      1 Bit        Muxes := 9     
	   2 Input      1 Bit        Muxes := 11    
Module generic_baseblocks_v2_1_0_mux_enc__parameterized1 
Detailed RTL Component Info : 
+---Muxes : 
	   2 Input      1 Bit        Muxes := 7     
Module axi_crossbar_v2_1_19_addr_arbiter_sasd 
Detailed RTL Component Info : 
+---Registers : 
	               66 Bit    Registers := 1     
	                7 Bit    Registers := 5     
	                3 Bit    Registers := 1     
	                1 Bit    Registers := 3     
+---Muxes : 
	   2 Input     66 Bit        Muxes := 7     
	   2 Input      1 Bit        Muxes := 7     
Module axi_crossbar_v2_1_19_splitter 
Detailed RTL Component Info : 
+---Registers : 
	                3 Bit    Registers := 1     
Module axi_crossbar_v2_1_19_splitter__parameterized0 
Detailed RTL Component Info : 
+---Registers : 
	                2 Bit    Registers := 1     
Module generic_baseblocks_v2_1_0_mux_enc__parameterized2 
Detailed RTL Component Info : 
+---Muxes : 
	   2 Input      1 Bit        Muxes := 9     
Module generic_baseblocks_v2_1_0_mux_enc__parameterized3 
Detailed RTL Component Info : 
+---Muxes : 
	   2 Input      1 Bit        Muxes := 9     
Module axi_register_slice_v2_1_18_axic_register_slice 
Detailed RTL Component Info : 
+---Registers : 
	               36 Bit    Registers := 2     
	                2 Bit    Registers := 1     
	                1 Bit    Registers := 2     
+---Muxes : 
	   2 Input     36 Bit        Muxes := 2     
Module generic_baseblocks_v2_1_0_mux_enc__parameterized4 
Detailed RTL Component Info : 
+---Muxes : 
	   2 Input      1 Bit        Muxes := 9     
Module axi_crossbar_v2_1_19_crossbar_sasd 
Detailed RTL Component Info : 
+---Registers : 
	                9 Bit    Registers := 1     
	                4 Bit    Registers := 1     
	                1 Bit    Registers := 1     
+---Muxes : 
	   2 Input      9 Bit        Muxes := 1     
	   2 Input      4 Bit        Muxes := 1     
	   2 Input      3 Bit        Muxes := 1     
---------------------------------------------------------------------------------
Finished RTL Hierarchical Component Statistics
---------------------------------------------------------------------------------
---------------------------------------------------------------------------------
Start Part Resource Summary
---------------------------------------------------------------------------------
Part Resources:
DSPs: 740 (col length:100)
BRAMs: 730 (col length: RAMB18 100 RAMB36 50)
---------------------------------------------------------------------------------
Finished Part Resource Summary
---------------------------------------------------------------------------------
---------------------------------------------------------------------------------
Start Cross Boundary and Area Optimization
---------------------------------------------------------------------------------
Warning: Parallel synthesis criteria is not met 
INFO: [Synth 8-5546] ROM "gen_axi.s_axi_rlast_i" won't be mapped to RAM because it is too sparse
INFO: [Synth 8-5546] ROM "gen_axi.read_cs" won't be mapped to RAM because it is too sparse
INFO: [Synth 8-3886] merging instance 'inst/gen_sasd.crossbar_sasd_0/addr_arbiter_inst/s_arvalid_reg_reg[6]' (FDR) to 'inst/gen_sasd.crossbar_sasd_0/addr_arbiter_inst/s_awvalid_reg_reg[1]'
INFO: [Synth 8-3886] merging instance 'inst/gen_sasd.crossbar_sasd_0/addr_arbiter_inst/s_awvalid_reg_reg[1]' (FDR) to 'inst/gen_sasd.crossbar_sasd_0/addr_arbiter_inst/s_awvalid_reg_reg[5]'
INFO: [Synth 8-3333] propagating constant 0 across sequential element (inst/\gen_sasd.crossbar_sasd_0/addr_arbiter_inst/s_awvalid_reg_reg[5] )
---------------------------------------------------------------------------------
Finished Cross Boundary and Area Optimization : Time (s): cpu = 00:00:34 ; elapsed = 00:00:37 . Memory (MB): peak = 940.320 ; gain = 560.645
---------------------------------------------------------------------------------

Report RTL Partitions: 
+-+--------------+------------+----------+
| |RTL Partition |Replication |Instances |
+-+--------------+------------+----------+
+-+--------------+------------+----------+
---------------------------------------------------------------------------------
Start Applying XDC Timing Constraints
---------------------------------------------------------------------------------
---------------------------------------------------------------------------------
Finished Applying XDC Timing Constraints : Time (s): cpu = 00:00:43 ; elapsed = 00:00:47 . Memory (MB): peak = 940.320 ; gain = 560.645
---------------------------------------------------------------------------------
---------------------------------------------------------------------------------
Start Timing Optimization
---------------------------------------------------------------------------------
---------------------------------------------------------------------------------
Finished Timing Optimization : Time (s): cpu = 00:00:46 ; elapsed = 00:00:50 . Memory (MB): peak = 983.352 ; gain = 603.676
---------------------------------------------------------------------------------

Report RTL Partitions: 
+-+--------------+------------+----------+
| |RTL Partition |Replication |Instances |
+-+--------------+------------+----------+
+-+--------------+------------+----------+
---------------------------------------------------------------------------------
Start Technology Mapping
---------------------------------------------------------------------------------
---------------------------------------------------------------------------------
Finished Technology Mapping : Time (s): cpu = 00:00:47 ; elapsed = 00:00:51 . Memory (MB): peak = 992.383 ; gain = 612.707
---------------------------------------------------------------------------------

Report RTL Partitions: 
+-+--------------+------------+----------+
| |RTL Partition |Replication |Instances |
+-+--------------+------------+----------+
+-+--------------+------------+----------+
---------------------------------------------------------------------------------
Start IO Insertion
---------------------------------------------------------------------------------
---------------------------------------------------------------------------------
Start Flattening Before IO Insertion
---------------------------------------------------------------------------------
---------------------------------------------------------------------------------
Finished Flattening Before IO Insertion
---------------------------------------------------------------------------------
---------------------------------------------------------------------------------
Start Final Netlist Cleanup
---------------------------------------------------------------------------------
---------------------------------------------------------------------------------
Finished Final Netlist Cleanup
---------------------------------------------------------------------------------
---------------------------------------------------------------------------------
Finished IO Insertion : Time (s): cpu = 00:00:48 ; elapsed = 00:00:52 . Memory (MB): peak = 992.383 ; gain = 612.707
---------------------------------------------------------------------------------

Report Check Netlist: 
+------+------------------+-------+---------+-------+------------------+
|      |Item              |Errors |Warnings |Status |Description       |
+------+------------------+-------+---------+-------+------------------+
|1     |multi_driven_nets |      0|        0|Passed |Multi driven nets |
+------+------------------+-------+---------+-------+------------------+
---------------------------------------------------------------------------------
Start Renaming Generated Instances
---------------------------------------------------------------------------------
---------------------------------------------------------------------------------
Finished Renaming Generated Instances : Time (s): cpu = 00:00:48 ; elapsed = 00:00:52 . Memory (MB): peak = 992.383 ; gain = 612.707
---------------------------------------------------------------------------------

Report RTL Partitions: 
+-+--------------+------------+----------+
| |RTL Partition |Replication |Instances |
+-+--------------+------------+----------+
+-+--------------+------------+----------+
---------------------------------------------------------------------------------
Start Rebuilding User Hierarchy
---------------------------------------------------------------------------------
---------------------------------------------------------------------------------
Finished Rebuilding User Hierarchy : Time (s): cpu = 00:00:48 ; elapsed = 00:00:52 . Memory (MB): peak = 992.383 ; gain = 612.707
---------------------------------------------------------------------------------
---------------------------------------------------------------------------------
Start Renaming Generated Ports
---------------------------------------------------------------------------------
---------------------------------------------------------------------------------
Finished Renaming Generated Ports : Time (s): cpu = 00:00:48 ; elapsed = 00:00:52 . Memory (MB): peak = 992.383 ; gain = 612.707
---------------------------------------------------------------------------------
---------------------------------------------------------------------------------
Start Handling Custom Attributes
---------------------------------------------------------------------------------
---------------------------------------------------------------------------------
Finished Handling Custom Attributes : Time (s): cpu = 00:00:48 ; elapsed = 00:00:52 . Memory (MB): peak = 992.383 ; gain = 612.707
---------------------------------------------------------------------------------
---------------------------------------------------------------------------------
Start Renaming Generated Nets
---------------------------------------------------------------------------------
---------------------------------------------------------------------------------
Finished Renaming Generated Nets : Time (s): cpu = 00:00:48 ; elapsed = 00:00:52 . Memory (MB): peak = 992.383 ; gain = 612.707
---------------------------------------------------------------------------------
---------------------------------------------------------------------------------
Start Writing Synthesis Report
---------------------------------------------------------------------------------

Report BlackBoxes: 
+-+--------------+----------+
| |BlackBox name |Instances |
+-+--------------+----------+
+-+--------------+----------+

Report Cell Usage: 
+------+-----+------+
|      |Cell |Count |
+------+-----+------+
|1     |LUT1 |     2|
|2     |LUT2 |    63|
|3     |LUT3 |    24|
|4     |LUT4 |   253|
|5     |LUT5 |   172|
|6     |LUT6 |   353|
|7     |FDRE |   203|
|8     |FDSE |     2|
+------+-----+------+

Report Instance Areas: 
+------+-------------------------------------+-----------------------------------------------+------+
|      |Instance                             |Module                                         |Cells |
+------+-------------------------------------+-----------------------------------------------+------+
|1     |top                                  |                                               |  1072|
|2     |  inst                               |axi_crossbar_v2_1_19_axi_crossbar              |  1072|
|3     |    \gen_sasd.crossbar_sasd_0        |axi_crossbar_v2_1_19_crossbar_sasd             |  1072|
|4     |      addr_arbiter_inst              |axi_crossbar_v2_1_19_addr_arbiter_sasd         |   721|
|5     |      \gen_decerr.decerr_slave_inst  |axi_crossbar_v2_1_19_decerr_slave              |    53|
|6     |      reg_slice_r                    |axi_register_slice_v2_1_18_axic_register_slice |   252|
|7     |      splitter_ar                    |axi_crossbar_v2_1_19_splitter__parameterized0  |     7|
|8     |      splitter_aw                    |axi_crossbar_v2_1_19_splitter                  |    17|
+------+-------------------------------------+-----------------------------------------------+------+
---------------------------------------------------------------------------------
Finished Writing Synthesis Report : Time (s): cpu = 00:00:48 ; elapsed = 00:00:52 . Memory (MB): peak = 992.383 ; gain = 612.707
---------------------------------------------------------------------------------
Synthesis finished with 0 errors, 0 critical warnings and 480 warnings.
Synthesis Optimization Runtime : Time (s): cpu = 00:00:27 ; elapsed = 00:00:44 . Memory (MB): peak = 992.383 ; gain = 317.848
Synthesis Optimization Complete : Time (s): cpu = 00:00:48 ; elapsed = 00:00:53 . Memory (MB): peak = 992.383 ; gain = 612.707
INFO: [Project 1-571] Translating synthesized netlist
INFO: [Project 1-570] Preparing netlist for logic optimization
INFO: [Opt 31-138] Pushed 0 inverter(s) to 0 load pin(s).
Netlist sorting complete. Time (s): cpu = 00:00:00 ; elapsed = 00:00:00 . Memory (MB): peak = 992.383 ; gain = 0.000
INFO: [Project 1-111] Unisim Transformation Summary:
No Unisim elements were transformed.

INFO: [Common 17-83] Releasing license: Synthesis
121 Infos, 104 Warnings, 0 Critical Warnings and 0 Errors encountered.
synth_design completed successfully
synth_design: Time (s): cpu = 00:00:52 ; elapsed = 00:00:56 . Memory (MB): peak = 992.383 ; gain = 619.566
Netlist sorting complete. Time (s): cpu = 00:00:00 ; elapsed = 00:00:00.001 . Memory (MB): peak = 992.383 ; gain = 0.000
WARNING: [Constraints 18-5210] No constraints selected for write.
Resolution: This message can indicate that there are no constraints for the design, or it can indicate that the used_in flags are set such that the constraints are ignored. This later case is used when running synth_design to not write synthesis constraints to the resulting checkpoint. Instead, project constraints are read when the synthesized design is opened.
INFO: [Common 17-1381] The checkpoint 'C:/Users/jiangja5/hash_server/hash_server.runs/design_1_xbar_0_synth_1/design_1_xbar_0.dcp' has been generated.
INFO: [Coretcl 2-1648] Added synthesis output to IP cache for IP design_1_xbar_0, cache-ID = ee484a530a577adc
INFO: [Coretcl 2-1174] Renamed 7 cell refs.
Netlist sorting complete. Time (s): cpu = 00:00:00 ; elapsed = 00:00:00.003 . Memory (MB): peak = 992.383 ; gain = 0.000
WARNING: [Constraints 18-5210] No constraints selected for write.
Resolution: This message can indicate that there are no constraints for the design, or it can indicate that the used_in flags are set such that the constraints are ignored. This later case is used when running synth_design to not write synthesis constraints to the resulting checkpoint. Instead, project constraints are read when the synthesized design is opened.
INFO: [Common 17-1381] The checkpoint 'C:/Users/jiangja5/hash_server/hash_server.runs/design_1_xbar_0_synth_1/design_1_xbar_0.dcp' has been generated.
INFO: [runtcl-4] Executing : report_utilization -file design_1_xbar_0_utilization_synth.rpt -pb design_1_xbar_0_utilization_synth.pb
INFO: [Common 17-206] Exiting Vivado at Sun Mar 20 10:55:13 2022...
