17:47:14 INFO  : Registering command handlers for SDK TCF services
17:47:15 INFO  : Launching XSCT server: xsct.bat -interactive W:\ECE532\project\hash_server\hash_server.sdk\temp_xsdb_launch_script.tcl
17:47:19 INFO  : XSCT server has started successfully.
17:47:22 INFO  : Processing command line option -hwspec W:/ECE532/project/hash_server/hash_server.sdk/design_1_wrapper.hdf.
17:47:23 INFO  : Successfully done setting XSCT server connection channel  
17:47:24 INFO  : Successfully done setting SDK workspace  
11:24:16 INFO  : Registering command handlers for SDK TCF services
11:24:17 INFO  : Launching XSCT server: xsct.bat -interactive C:\Users\jiangja5\hash_server\hash_server.sdk\temp_xsdb_launch_script.tcl
11:24:19 INFO  : XSCT server has started successfully.
11:24:19 INFO  : Successfully done setting XSCT server connection channel  
11:24:19 INFO  : Successfully done setting SDK workspace  
11:24:19 INFO  : Processing command line option -hwspec C:/Users/jiangja5/hash_server/hash_server.sdk/design_1_wrapper.hdf.
12:42:03 INFO  : Registering command handlers for SDK TCF services
12:42:04 INFO  : Launching XSCT server: xsct.bat -interactive C:\Users\jiangja5\hash_server\hash_server.sdk\temp_xsdb_launch_script.tcl
12:42:06 INFO  : XSCT server has started successfully.
12:42:06 INFO  : Successfully done setting XSCT server connection channel  
12:42:06 INFO  : Successfully done setting SDK workspace  
12:42:06 INFO  : Processing command line option -hwspec C:/Users/jiangja5/hash_server/hash_server.sdk/design_1_wrapper.hdf.
12:42:06 INFO  : Checking for hwspec changes in the project design_1_wrapper_hw_platform_1.
12:48:54 INFO  : Refreshed build settings on project server_1
12:51:18 INFO  : 'targets -set -filter {jtag_cable_name =~ "Digilent Nexys4DDR 210292646020A" && level==0} -index 0' command is executed.
12:51:18 INFO  : 'fpga -state' command is executed.
12:51:18 INFO  : Connected to target on host '127.0.0.1' and port '3121'.
12:51:18 INFO  : Jtag cable 'Digilent Nexys4DDR 210292646020A' is selected.
12:51:18 INFO  : 'jtag frequency' command is executed.
12:51:18 INFO  : 'configparams mdm-detect-bscan-mask 2' command is executed.
12:51:18 INFO  : Context for processor 'microblaze_0' is selected.
12:51:18 INFO  : System reset is completed.
12:51:21 INFO  : 'after 3000' command is executed.
12:51:21 INFO  : Context for processor 'microblaze_0' is selected.
12:51:21 INFO  : The application 'C:/Users/jiangja5/hash_server/hash_server.sdk/server_1/Debug/server_1.elf' is downloaded to processor 'microblaze_0'.
12:51:21 INFO  : ----------------XSDB Script----------------
connect -url tcp:127.0.0.1:3121
configparams mdm-detect-bscan-mask 2
targets -set -nocase -filter {name =~ "microblaze*#0" && bscan=="USER2"  && jtag_cable_name =~ "Digilent Nexys4DDR 210292646020A"} -index 0
rst -system
after 3000
targets -set -nocase -filter {name =~ "microblaze*#0" && bscan=="USER2"  && jtag_cable_name =~ "Digilent Nexys4DDR 210292646020A"} -index 0
dow C:/Users/jiangja5/hash_server/hash_server.sdk/server_1/Debug/server_1.elf
----------------End of Script----------------

12:51:22 INFO  : Context for processor 'microblaze_0' is selected.
12:51:22 INFO  : 'con' command is executed.
12:51:22 INFO  : ----------------XSDB Script (After Launch)----------------
targets -set -nocase -filter {name =~ "microblaze*#0" && bscan=="USER2"  && jtag_cable_name =~ "Digilent Nexys4DDR 210292646020A"} -index 0
con
----------------End of Script----------------

12:51:22 INFO  : Disconnected from the channel tcfchan#1.
12:51:33 INFO  : 'targets -set -filter {jtag_cable_name =~ "Digilent Nexys4DDR 210292646020A" && level==0} -index 0' command is executed.
12:51:33 INFO  : 'fpga -state' command is executed.
12:51:33 INFO  : Connected to target on host '127.0.0.1' and port '3121'.
12:51:33 INFO  : Jtag cable 'Digilent Nexys4DDR 210292646020A' is selected.
12:51:33 INFO  : 'jtag frequency' command is executed.
12:51:33 INFO  : 'configparams mdm-detect-bscan-mask 2' command is executed.
12:51:33 INFO  : Context for processor 'microblaze_0' is selected.
12:51:34 INFO  : System reset is completed.
12:51:37 INFO  : 'after 3000' command is executed.
12:51:37 INFO  : Context for processor 'microblaze_0' is selected.
12:51:37 INFO  : The application 'C:/Users/jiangja5/hash_server/hash_server.sdk/server_1/Debug/server_1.elf' is downloaded to processor 'microblaze_0'.
12:51:37 INFO  : ----------------XSDB Script----------------
connect -url tcp:127.0.0.1:3121
configparams mdm-detect-bscan-mask 2
targets -set -nocase -filter {name =~ "microblaze*#0" && bscan=="USER2"  && jtag_cable_name =~ "Digilent Nexys4DDR 210292646020A"} -index 0
rst -system
after 3000
targets -set -nocase -filter {name =~ "microblaze*#0" && bscan=="USER2"  && jtag_cable_name =~ "Digilent Nexys4DDR 210292646020A"} -index 0
dow C:/Users/jiangja5/hash_server/hash_server.sdk/server_1/Debug/server_1.elf
----------------End of Script----------------

12:51:37 INFO  : Context for processor 'microblaze_0' is selected.
12:51:37 INFO  : 'con' command is executed.
12:51:37 INFO  : ----------------XSDB Script (After Launch)----------------
targets -set -nocase -filter {name =~ "microblaze*#0" && bscan=="USER2"  && jtag_cable_name =~ "Digilent Nexys4DDR 210292646020A"} -index 0
con
----------------End of Script----------------

12:51:37 INFO  : Disconnected from the channel tcfchan#2.
12:52:42 INFO  : 'targets -set -filter {jtag_cable_name =~ "Digilent Nexys4DDR 210292646020A" && level==0} -index 0' command is executed.
12:52:42 INFO  : 'fpga -state' command is executed.
12:52:42 INFO  : Connected to target on host '127.0.0.1' and port '3121'.
12:52:42 INFO  : Jtag cable 'Digilent Nexys4DDR 210292646020A' is selected.
12:52:42 INFO  : 'jtag frequency' command is executed.
12:52:42 INFO  : 'configparams mdm-detect-bscan-mask 2' command is executed.
12:52:43 INFO  : Context for processor 'microblaze_0' is selected.
12:52:43 INFO  : System reset is completed.
12:52:46 INFO  : 'after 3000' command is executed.
12:52:46 INFO  : Context for processor 'microblaze_0' is selected.
12:52:46 INFO  : The application 'C:/Users/jiangja5/hash_server/hash_server.sdk/server_1/Debug/server_1.elf' is downloaded to processor 'microblaze_0'.
12:52:46 INFO  : ----------------XSDB Script----------------
connect -url tcp:127.0.0.1:3121
configparams mdm-detect-bscan-mask 2
targets -set -nocase -filter {name =~ "microblaze*#0" && bscan=="USER2"  && jtag_cable_name =~ "Digilent Nexys4DDR 210292646020A"} -index 0
rst -system
after 3000
targets -set -nocase -filter {name =~ "microblaze*#0" && bscan=="USER2"  && jtag_cable_name =~ "Digilent Nexys4DDR 210292646020A"} -index 0
dow C:/Users/jiangja5/hash_server/hash_server.sdk/server_1/Debug/server_1.elf
----------------End of Script----------------

12:52:46 INFO  : Context for processor 'microblaze_0' is selected.
12:52:46 INFO  : 'con' command is executed.
12:52:46 INFO  : ----------------XSDB Script (After Launch)----------------
targets -set -nocase -filter {name =~ "microblaze*#0" && bscan=="USER2"  && jtag_cable_name =~ "Digilent Nexys4DDR 210292646020A"} -index 0
con
----------------End of Script----------------

12:52:46 INFO  : Disconnected from the channel tcfchan#3.
12:58:30 INFO  : 'targets -set -filter {jtag_cable_name =~ "Digilent Nexys4DDR 210292646020A" && level==0} -index 0' command is executed.
12:58:30 INFO  : 'fpga -state' command is executed.
12:58:30 INFO  : Connected to target on host '127.0.0.1' and port '3121'.
12:58:30 INFO  : Jtag cable 'Digilent Nexys4DDR 210292646020A' is selected.
12:58:30 INFO  : 'jtag frequency' command is executed.
12:58:30 INFO  : 'configparams mdm-detect-bscan-mask 2' command is executed.
12:58:30 INFO  : Context for processor 'microblaze_0' is selected.
12:58:30 INFO  : System reset is completed.
12:58:33 INFO  : 'after 3000' command is executed.
12:58:33 INFO  : Context for processor 'microblaze_0' is selected.
12:58:33 INFO  : The application 'C:/Users/jiangja5/hash_server/hash_server.sdk/server_1/Debug/server_1.elf' is downloaded to processor 'microblaze_0'.
12:58:33 INFO  : ----------------XSDB Script----------------
connect -url tcp:127.0.0.1:3121
configparams mdm-detect-bscan-mask 2
targets -set -nocase -filter {name =~ "microblaze*#0" && bscan=="USER2"  && jtag_cable_name =~ "Digilent Nexys4DDR 210292646020A"} -index 0
rst -system
after 3000
targets -set -nocase -filter {name =~ "microblaze*#0" && bscan=="USER2"  && jtag_cable_name =~ "Digilent Nexys4DDR 210292646020A"} -index 0
dow C:/Users/jiangja5/hash_server/hash_server.sdk/server_1/Debug/server_1.elf
----------------End of Script----------------

12:58:33 INFO  : Context for processor 'microblaze_0' is selected.
12:58:33 INFO  : 'con' command is executed.
12:58:33 INFO  : ----------------XSDB Script (After Launch)----------------
targets -set -nocase -filter {name =~ "microblaze*#0" && bscan=="USER2"  && jtag_cable_name =~ "Digilent Nexys4DDR 210292646020A"} -index 0
con
----------------End of Script----------------

12:58:33 INFO  : Disconnected from the channel tcfchan#4.
13:07:05 INFO  : 'targets -set -filter {jtag_cable_name =~ "Digilent Nexys4DDR 210292646020A" && level==0} -index 0' command is executed.
13:07:05 INFO  : 'fpga -state' command is executed.
13:07:05 INFO  : Connected to target on host '127.0.0.1' and port '3121'.
13:07:06 INFO  : Jtag cable 'Digilent Nexys4DDR 210292646020A' is selected.
13:07:06 INFO  : 'jtag frequency' command is executed.
13:07:06 INFO  : 'configparams mdm-detect-bscan-mask 2' command is executed.
13:07:06 INFO  : Context for processor 'microblaze_0' is selected.
13:07:06 INFO  : System reset is completed.
13:07:09 INFO  : 'after 3000' command is executed.
13:07:09 INFO  : Context for processor 'microblaze_0' is selected.
13:07:09 INFO  : The application 'C:/Users/jiangja5/hash_server/hash_server.sdk/server_1/Debug/server_1.elf' is downloaded to processor 'microblaze_0'.
13:07:09 INFO  : ----------------XSDB Script----------------
connect -url tcp:127.0.0.1:3121
configparams mdm-detect-bscan-mask 2
targets -set -nocase -filter {name =~ "microblaze*#0" && bscan=="USER2"  && jtag_cable_name =~ "Digilent Nexys4DDR 210292646020A"} -index 0
rst -system
after 3000
targets -set -nocase -filter {name =~ "microblaze*#0" && bscan=="USER2"  && jtag_cable_name =~ "Digilent Nexys4DDR 210292646020A"} -index 0
dow C:/Users/jiangja5/hash_server/hash_server.sdk/server_1/Debug/server_1.elf
----------------End of Script----------------

13:15:46 INFO  : Disconnected from the channel tcfchan#5.
