Copyright 1986-2019 Xilinx, Inc. All Rights Reserved.
--------------------------------------------------------------------------------------
| Tool Version : Vivado v.2018.3.1 (win64) Build 2489853 Tue Mar 26 04:20:25 MDT 2019
| Date         : Fri Mar 11 20:48:16 2022
| Host         : BA3145WS26 running 64-bit major release  (build 9200)
| Command      : upgrade_ip
| Device       : xc7a200tsbg484-1
--------------------------------------------------------------------------------------

Upgrade Log for IP 'design_1_hash_table_mgr_mig_0_0'

1. Summary
----------

CAUTION (success, with warnings) in the upgrade of design_1_hash_table_mgr_mig_0_0 (user.org:user:hash_table_mgr_mig:1.0) from (Rev. 54) to (Rev. 62)

After upgrade, an IP may have parameter and port differences compared to the original customization. Please review the parameters within the IP customization GUI to ensure proper functionality. Also, please review the updated IP instantiation template to ensure proper connectivity, and update your design if required.

2. Connection Warnings
----------------------

Detected external port differences while upgrading 'design_1_hash_table_mgr_mig_0_0'. These changes may impact your design.


-Upgrade has added port 'i_ht_input_client'

-Upgrade has added port 'o_ht_output_client'







Copyright 1986-2019 Xilinx, Inc. All Rights Reserved.
--------------------------------------------------------------------------------------
| Tool Version : Vivado v.2018.3.1 (win64) Build 2489853 Tue Mar 26 04:20:25 MDT 2019
| Date         : Fri Mar 11 20:48:16 2022
| Host         : BA3145WS26 running 64-bit major release  (build 9200)
| Command      : upgrade_ip
| Device       : xc7a200tsbg484-1
--------------------------------------------------------------------------------------

Upgrade Log for IP 'design_1_hash_table_mgr_0_0'

1. Summary
----------

CAUTION (success, with warnings) in the upgrade of design_1_hash_table_mgr_0_0 (user.org:user:hash_table_mgr:1.0) from (Rev. 9) to (Rev. 10)

After upgrade, an IP may have parameter and port differences compared to the original customization. Please review the parameters within the IP customization GUI to ensure proper functionality. Also, please review the updated IP instantiation template to ensure proper connectivity, and update your design if required.

2. Connection Warnings
----------------------

Detected external port differences while upgrading 'design_1_hash_table_mgr_0_0'. These changes may impact your design.


-Upgrade has added port 'i_ht_output_client'

-Upgrade has added port 'o_ht_input_client'


