Copyright 1986-2021 Xilinx, Inc. All Rights Reserved.
-------------------------------------------------------------------------------------------
| Tool Version : Vivado v.2021.2 (win64) Build 3367213 Tue Oct 19 02:48:09 MDT 2021
| Date         : Thu Feb 24 11:09:20 2022
| Host         : DESKTOP-4PP3T4A running 64-bit major release  (build 9200)
| Command      : upgrade_project -migrate_output_products
| Project_Path : E:/Documents/ECE532-Labs/project/hash_server/hash_server.xpr
-------------------------------------------------------------------------------------------

Project Status Summary

1. Project IP Status
--------------------
This project contains 0 IP and 1 Block Designs.


1.1 Project IP Instances
+------------------------------------+-------------------------+-------------------------------------+-------------------------------------+
| Instance Name                      | Status                  | Reason                              | Recommendation                      |
+------------------------------------+-------------------------+-------------------------------------+-------------------------------------+
| design_1_auto_cc_0                 | Will be Migrated.       |                                     |                                     |
+------------------------------------+-------------------------+-------------------------------------+-------------------------------------+
| design_1_auto_ds_0                 | Will be Migrated.       |                                     |                                     |
+------------------------------------+-------------------------+-------------------------------------+-------------------------------------+
| design_1_auto_ds_1                 | Will be Migrated.       |                                     |                                     |
+------------------------------------+-------------------------+-------------------------------------+-------------------------------------+
| design_1_auto_ds_2                 | Will be Migrated.       |                                     |                                     |
+------------------------------------+-------------------------+-------------------------------------+-------------------------------------+
| design_1_auto_ds_3                 | Will be Migrated.       |                                     |                                     |
+------------------------------------+-------------------------+-------------------------------------+-------------------------------------+
| design_1_auto_ds_4                 | Will be Migrated.       |                                     |                                     |
+------------------------------------+-------------------------+-------------------------------------+-------------------------------------+
| design_1_auto_pc_0                 | Will be Migrated.       |                                     |                                     |
+------------------------------------+-------------------------+-------------------------------------+-------------------------------------+
| design_1_auto_us_0                 | Will be Migrated.       |                                     |                                     |
+------------------------------------+-------------------------+-------------------------------------+-------------------------------------+
| design_1_auto_us_1                 | Will be Migrated.       |                                     |                                     |
+------------------------------------+-------------------------+-------------------------------------+-------------------------------------+
| design_1_auto_us_2                 | Will be Migrated.       |                                     |                                     |
+------------------------------------+-------------------------+-------------------------------------+-------------------------------------+
| design_1_axi_ethernetlite_0_0      | Will be Migrated.       |                                     |                                     |
+------------------------------------+-------------------------+-------------------------------------+-------------------------------------+
| design_1_axi_timer_0_0             | Will be Migrated.       |                                     |                                     |
+------------------------------------+-------------------------+-------------------------------------+-------------------------------------+
| design_1_axi_uartlite_0_0          | Will be Migrated.       |                                     |                                     |
+------------------------------------+-------------------------+-------------------------------------+-------------------------------------+
| design_1_clk_wiz_1_0               | Will be Migrated.       |                                     |                                     |
+------------------------------------+-------------------------+-------------------------------------+-------------------------------------+
| design_1_dlmb_bram_if_cntlr_0      | Will be Migrated.       |                                     |                                     |
+------------------------------------+-------------------------+-------------------------------------+-------------------------------------+
| design_1_dlmb_v10_0                | Will be Migrated.       |                                     |                                     |
+------------------------------------+-------------------------+-------------------------------------+-------------------------------------+
| design_1_hash_table_mgr_0_0        | Will be Migrated.       |                                     |                                     |
+------------------------------------+-------------------------+-------------------------------------+-------------------------------------+
| design_1_hash_table_mgr_mig_0_0    | Will be Migrated.       |                                     |                                     |
+------------------------------------+-------------------------+-------------------------------------+-------------------------------------+
| design_1_ilmb_bram_if_cntlr_0      | Will be Migrated.       |                                     |                                     |
+------------------------------------+-------------------------+-------------------------------------+-------------------------------------+
| design_1_ilmb_v10_0                | Will be Migrated.       |                                     |                                     |
+------------------------------------+-------------------------+-------------------------------------+-------------------------------------+
| design_1_lmb_bram_0                | Will be Migrated.       |                                     |                                     |
+------------------------------------+-------------------------+-------------------------------------+-------------------------------------+
| design_1_mdm_1_0                   | Will be Migrated.       |                                     |                                     |
+------------------------------------+-------------------------+-------------------------------------+-------------------------------------+
| design_1_microblaze_0_0            | Will be Migrated.       |                                     |                                     |
+------------------------------------+-------------------------+-------------------------------------+-------------------------------------+
| design_1_microblaze_0_axi_intc_0   | Will be Migrated.       |                                     |                                     |
+------------------------------------+-------------------------+-------------------------------------+-------------------------------------+
| design_1_microblaze_0_axi_periph_0 | Will be Migrated.       |                                     |                                     |
+------------------------------------+-------------------------+-------------------------------------+-------------------------------------+
| design_1_microblaze_0_xlconcat_0   | Will be Migrated.       |                                     |                                     |
+------------------------------------+-------------------------+-------------------------------------+-------------------------------------+
| design_1_mig_7series_0_0           | Will be Migrated.       |                                     |                                     |
+------------------------------------+-------------------------+-------------------------------------+-------------------------------------+
| design_1_mii_to_rmii_0_0           | Will be Migrated.       |                                     |                                     |
+------------------------------------+-------------------------+-------------------------------------+-------------------------------------+
| design_1_rst_clk_wiz_1_100M_0      | Will be Migrated.       |                                     |                                     |
+------------------------------------+-------------------------+-------------------------------------+-------------------------------------+
| design_1_rst_mig_7series_0_81M_0   | Will be Migrated.       |                                     |                                     |
+------------------------------------+-------------------------+-------------------------------------+-------------------------------------+
| design_1_s00_mmu_0                 | Will be Migrated.       |                                     |                                     |
+------------------------------------+-------------------------+-------------------------------------+-------------------------------------+
| design_1_s01_mmu_0                 | Will be Migrated.       |                                     |                                     |
+------------------------------------+-------------------------+-------------------------------------+-------------------------------------+
| design_1_s02_mmu_0                 | Will be Migrated.       |                                     |                                     |
+------------------------------------+-------------------------+-------------------------------------+-------------------------------------+
| design_1_xbar_0                    | Will be Migrated.       |                                     |                                     |
+------------------------------------+-------------------------+-------------------------------------+-------------------------------------+


1.2 Project Block Designs
+----------+-------------------------+-------------------------------------+-------------------------------------+
| Design   | Status                  | Reason                              | Recommendation                      |
| Name     |                         |                                     |                                     |
+----------+-------------------------+-------------------------------------+-------------------------------------+
| design_1 | Will be Migrated.       |                                     |                                     |
+----------+-------------------------+-------------------------------------+-------------------------------------+



