#-----------------------------------------------------------
# Vivado v2018.3.1 (64-bit)
# SW Build 2489853 on Tue Mar 26 04:20:25 MDT 2019
# IP Build 2486929 on Tue Mar 26 06:44:21 MDT 2019
# Start of session at: Tue Feb 22 15:37:41 2022
# Process ID: 5636
# Current directory: C:/Users/kimyou94/Feb_22_proj/hash_func_pipe
# Command line: vivado.exe -gui_launcher_event rodinguilauncherevent4324 C:\Users\kimyou94\Feb_22_proj\hash_func_pipe\hash_func_pipe.xpr
# Log file: C:/Users/kimyou94/Feb_22_proj/hash_func_pipe/vivado.log
# Journal file: C:/Users/kimyou94/Feb_22_proj/hash_func_pipe\vivado.jou
#-----------------------------------------------------------
start_gui
open_project C:/Users/kimyou94/Feb_22_proj/hash_func_pipe/hash_func_pipe.xpr
INFO: [Project 1-313] Project file moved from 'C:/ece532/proj/hash_func_pipe' since last save.
CRITICAL WARNING: [Project 1-311] Could not find the file 'C:/Users/kimyou94/Feb_22_proj/hash_IP/component.xml', nor could it be found using path 'C:/ece532/proj/hash_IP/component.xml'.
Scanning sources...
Finished scanning sources
WARNING: [filemgmt 56-2] IP Repository Path: Could not find the directory 'C:/Users/kimyou94/Feb_22_proj/hash_IP', nor could it be found using path 'C:/ece532/proj/hash_IP'.
INFO: [IP_Flow 19-234] Refreshing IP repositories
WARNING: [IP_Flow 19-2248] Failed to load user IP repository 'c:/Users/kimyou94/Feb_22_proj/hash_IP'; Can't find the specified path.
If this directory should no longer be in your list of user repositories, go to the IP Settings dialog and remove it.
INFO: [IP_Flow 19-2313] Loaded Vivado IP repository 'C:/DESL/Xilinx/Vivado/2018.3/data/ip'.
open_project: Time (s): cpu = 00:00:13 ; elapsed = 00:00:06 . Memory (MB): peak = 769.980 ; gain = 131.293
update_compile_order -fileset sources_1
export_ip_user_files -of_objects  [get_files C:/Users/kimyou94/Feb_22_proj/hash_IP/component.xml] -no_script -reset -force -quiet
remove_files  C:/Users/kimyou94/Feb_22_proj/hash_IP/component.xml
ipx::package_project -root_dir C:/Users/kimyou94/Feb_22_proj/hash_func_ip -vendor utoronto.ca -library user -taxonomy /UserIP -import_files -set_current false -force
INFO: [IP_Flow 19-5107] Inferred bus interface 's01_axi' of definition 'xilinx.com:interface:aximm:1.0' (from Xilinx Repository).
INFO: [IP_Flow 19-5107] Inferred bus interface 's01_axi_aresetn' of definition 'xilinx.com:signal:reset:1.0' (from Xilinx Repository).
INFO: [IP_Flow 19-5107] Inferred bus interface 's01_axi_aclk' of definition 'xilinx.com:signal:clock:1.0' (from Xilinx Repository).
INFO: [IP_Flow 19-4728] Bus Interface 's01_axi_aresetn': Added interface parameter 'POLARITY' with value 'ACTIVE_LOW'.
INFO: [IP_Flow 19-4728] Bus Interface 's01_axi_aclk': Added interface parameter 'ASSOCIATED_BUSIF' with value 's01_axi'.
INFO: [IP_Flow 19-4728] Bus Interface 's01_axi_aclk': Added interface parameter 'ASSOCIATED_RESET' with value 's01_axi_aresetn'.
INFO: [IP_Flow 19-2181] Payment Required is not set for this core.
INFO: [IP_Flow 19-2187] The Product Guide file is missing.
ipx::unload_core c:/Users/kimyou94/Feb_22_proj/hash_func_ip/component.xml
ipx::edit_ip_in_project -upgrade true -name tmp_edit_project -directory C:/Users/kimyou94/Feb_22_proj/hash_func_ip c:/Users/kimyou94/Feb_22_proj/hash_func_ip/component.xml
INFO: [IP_Flow 19-234] Refreshing IP repositories
INFO: [IP_Flow 19-1704] No user IP repositories specified
INFO: [IP_Flow 19-2313] Loaded Vivado IP repository 'C:/DESL/Xilinx/Vivado/2018.3/data/ip'.
create_project: Time (s): cpu = 00:00:10 ; elapsed = 00:00:06 . Memory (MB): peak = 884.160 ; gain = 17.512
INFO: [IP_Flow 19-234] Refreshing IP repositories
WARNING: [IP_Flow 19-2248] Failed to load user IP repository 'c:/Users/kimyou94/Feb_22_proj/hash_IP'; Can't find the specified path.
If this directory should no longer be in your list of user repositories, go to the IP Settings dialog and remove it.
INFO: [IP_Flow 19-795] Syncing license key meta-data
WARNING: [filemgmt 56-99] Vivado Synthesis ignores library specification for Verilog or SystemVerilog files. [c:/Users/kimyou94/Feb_22_proj/hash_func_ip/src/fifo.v:]
WARNING: [filemgmt 56-99] Vivado Synthesis ignores library specification for Verilog or SystemVerilog files. [c:/Users/kimyou94/Feb_22_proj/hash_func_ip/src/hash_func_S_AXI.v:]
WARNING: [filemgmt 56-99] Vivado Synthesis ignores library specification for Verilog or SystemVerilog files. [c:/Users/kimyou94/Feb_22_proj/hash_func_ip/src/hash_func_pipe.v:]
WARNING: [filemgmt 56-99] Vivado Synthesis ignores library specification for Verilog or SystemVerilog files. [c:/Users/kimyou94/Feb_22_proj/hash_func_ip/src/md5.v:]
WARNING: [filemgmt 56-99] Vivado Synthesis ignores library specification for Verilog or SystemVerilog files. [c:/Users/kimyou94/Feb_22_proj/hash_func_ip/src/mur3.v:]
WARNING: [filemgmt 56-99] Vivado Synthesis ignores library specification for Verilog or SystemVerilog files. [c:/Users/kimyou94/Feb_22_proj/hash_func_ip/src/hash_func_top.v:]
WARNING: [filemgmt 56-99] Vivado Synthesis ignores library specification for Verilog or SystemVerilog files. [c:/Users/kimyou94/Feb_22_proj/hash_func_ip/src/hash_func_pipe_tb.v:]
ipx::edit_ip_in_project: Time (s): cpu = 00:00:14 ; elapsed = 00:00:08 . Memory (MB): peak = 885.344 ; gain = 18.695
update_compile_order -fileset sources_1
set_property previous_version_for_upgrade utoronto.ca:user:hash_func_top:1.0 [ipx::current_core]
set_property core_revision 1 [ipx::current_core]
ipx::create_xgui_files [ipx::current_core]
ipx::update_checksums [ipx::current_core]
ipx::save_core [ipx::current_core]
ipx::move_temp_component_back -component [ipx::current_core]
close_project -delete
set_property  ip_repo_paths  {c:/Users/kimyou94/Feb_22_proj/hash_func_ip c:/Users/kimyou94/Feb_22_proj/hash_IP} [current_project]
update_ip_catalog
INFO: [IP_Flow 19-234] Refreshing IP repositories
INFO: [IP_Flow 19-1700] Loaded user IP repository 'c:/Users/kimyou94/Feb_22_proj/hash_func_ip'.
WARNING: [IP_Flow 19-2248] Failed to load user IP repository 'c:/Users/kimyou94/Feb_22_proj/hash_IP'; Can't find the specified path.
If this directory should no longer be in your list of user repositories, go to the IP Settings dialog and remove it.
ipx::package_project -root_dir C:/Users/kimyou94/Feb_22_proj/hash_func_ip -vendor utoronto.ca -library user -taxonomy /UserIP -import_files -set_current false -force
INFO: [IP_Flow 19-5107] Inferred bus interface 's01_axi' of definition 'xilinx.com:interface:aximm:1.0' (from Xilinx Repository).
INFO: [IP_Flow 19-5107] Inferred bus interface 's01_axi_aresetn' of definition 'xilinx.com:signal:reset:1.0' (from Xilinx Repository).
INFO: [IP_Flow 19-5107] Inferred bus interface 's01_axi_aclk' of definition 'xilinx.com:signal:clock:1.0' (from Xilinx Repository).
INFO: [IP_Flow 19-4728] Bus Interface 's01_axi_aresetn': Added interface parameter 'POLARITY' with value 'ACTIVE_LOW'.
INFO: [IP_Flow 19-4728] Bus Interface 's01_axi_aclk': Added interface parameter 'ASSOCIATED_BUSIF' with value 's01_axi'.
INFO: [IP_Flow 19-4728] Bus Interface 's01_axi_aclk': Added interface parameter 'ASSOCIATED_RESET' with value 's01_axi_aresetn'.
INFO: [IP_Flow 19-2181] Payment Required is not set for this core.
INFO: [IP_Flow 19-2187] The Product Guide file is missing.
ipx::unload_core c:/Users/kimyou94/Feb_22_proj/hash_func_ip/component.xml
ipx::edit_ip_in_project -upgrade true -name tmp_edit_project -directory C:/Users/kimyou94/Feb_22_proj/hash_func_ip c:/Users/kimyou94/Feb_22_proj/hash_func_ip/component.xml
INFO: [IP_Flow 19-234] Refreshing IP repositories
INFO: [IP_Flow 19-1704] No user IP repositories specified
INFO: [IP_Flow 19-2313] Loaded Vivado IP repository 'C:/DESL/Xilinx/Vivado/2018.3/data/ip'.
create_project: Time (s): cpu = 00:00:06 ; elapsed = 00:00:05 . Memory (MB): peak = 896.879 ; gain = 1.887
INFO: [IP_Flow 19-234] Refreshing IP repositories
INFO: [IP_Flow 19-1700] Loaded user IP repository 'c:/Users/kimyou94/Feb_22_proj/hash_func_ip'.
WARNING: [IP_Flow 19-2248] Failed to load user IP repository 'c:/Users/kimyou94/Feb_22_proj/hash_IP'; Can't find the specified path.
If this directory should no longer be in your list of user repositories, go to the IP Settings dialog and remove it.
INFO: [IP_Flow 19-795] Syncing license key meta-data
WARNING: [filemgmt 56-99] Vivado Synthesis ignores library specification for Verilog or SystemVerilog files. [c:/Users/kimyou94/Feb_22_proj/hash_func_ip/src/fifo.v:]
WARNING: [filemgmt 56-99] Vivado Synthesis ignores library specification for Verilog or SystemVerilog files. [c:/Users/kimyou94/Feb_22_proj/hash_func_ip/src/hash_func_S_AXI.v:]
WARNING: [filemgmt 56-99] Vivado Synthesis ignores library specification for Verilog or SystemVerilog files. [c:/Users/kimyou94/Feb_22_proj/hash_func_ip/src/hash_func_pipe.v:]
WARNING: [filemgmt 56-99] Vivado Synthesis ignores library specification for Verilog or SystemVerilog files. [c:/Users/kimyou94/Feb_22_proj/hash_func_ip/src/md5.v:]
WARNING: [filemgmt 56-99] Vivado Synthesis ignores library specification for Verilog or SystemVerilog files. [c:/Users/kimyou94/Feb_22_proj/hash_func_ip/src/mur3.v:]
WARNING: [filemgmt 56-99] Vivado Synthesis ignores library specification for Verilog or SystemVerilog files. [c:/Users/kimyou94/Feb_22_proj/hash_func_ip/src/hash_func_top.v:]
WARNING: [filemgmt 56-99] Vivado Synthesis ignores library specification for Verilog or SystemVerilog files. [c:/Users/kimyou94/Feb_22_proj/hash_func_ip/src/hash_func_pipe_tb.v:]
ipx::edit_ip_in_project: Time (s): cpu = 00:00:08 ; elapsed = 00:00:06 . Memory (MB): peak = 896.879 ; gain = 1.887
current_project hash_func_pipe
set_property previous_version_for_upgrade utoronto.ca:user:hash_func_top:1.0 [ipx::current_core]
set_property core_revision 1 [ipx::current_core]
ipx::create_xgui_files [ipx::current_core]
ipx::update_checksums [ipx::current_core]
ipx::save_core [ipx::current_core]
current_project tmp_edit_project
ipx::move_temp_component_back -component [ipx::current_core]
close_project -delete
update_ip_catalog -rebuild -repo_path c:/Users/kimyou94/Feb_22_proj/hash_func_ip
INFO: [IP_Flow 19-725] Reloaded user IP repository 'c:/Users/kimyou94/Feb_22_proj/hash_func_ip'
open_hw
connect_hw_server
INFO: [Labtools 27-2285] Connecting to hw_server url TCP:localhost:3121
INFO: [Labtools 27-2222] Launching hw_server...
INFO: [Labtools 27-2221] Launch Output:

****** Xilinx hw_server v2018.3.1
  **** Build date : Mar 26 2019-05:02:51
    ** Copyright 1986-2018 Xilinx, Inc. All Rights Reserved.


open_hw_target
INFO: [Labtoolstcl 44-466] Opening hw_target localhost:3121/xilinx_tcf/Digilent/210292646051A
current_hw_device [get_hw_devices xc7a100t_0]
refresh_hw_device -update_hw_probes false [lindex [get_hw_devices xc7a100t_0] 0]
INFO: [Labtools 27-2302] Device xc7a100t (JTAG device index = 0) is programmed with a design that has 1 ILA core(s).
launch_runs impl_1 -to_step write_bitstream -jobs 4
[Tue Feb 22 16:41:22 2022] Launched synth_1...
Run output will be captured here: C:/Users/kimyou94/Feb_22_proj/hash_func_pipe/hash_func_pipe.runs/synth_1/runme.log
[Tue Feb 22 16:41:22 2022] Launched impl_1...
Run output will be captured here: C:/Users/kimyou94/Feb_22_proj/hash_func_pipe/hash_func_pipe.runs/impl_1/runme.log
close_hw
reset_run synth_1
ipx::package_project -root_dir C:/Users/kimyou94/Feb_22_proj/hash_func_ip -vendor utoronto.ca -library user -taxonomy /UserIP -import_files -set_current false -force
INFO: [IP_Flow 19-5107] Inferred bus interface 's01_axi' of definition 'xilinx.com:interface:aximm:1.0' (from Xilinx Repository).
INFO: [IP_Flow 19-5107] Inferred bus interface 's01_axi_aresetn' of definition 'xilinx.com:signal:reset:1.0' (from Xilinx Repository).
INFO: [IP_Flow 19-5107] Inferred bus interface 's01_axi_aclk' of definition 'xilinx.com:signal:clock:1.0' (from Xilinx Repository).
INFO: [IP_Flow 19-4728] Bus Interface 's01_axi_aresetn': Added interface parameter 'POLARITY' with value 'ACTIVE_LOW'.
INFO: [IP_Flow 19-4728] Bus Interface 's01_axi_aclk': Added interface parameter 'ASSOCIATED_BUSIF' with value 's01_axi'.
INFO: [IP_Flow 19-4728] Bus Interface 's01_axi_aclk': Added interface parameter 'ASSOCIATED_RESET' with value 's01_axi_aresetn'.
INFO: [IP_Flow 19-2181] Payment Required is not set for this core.
INFO: [IP_Flow 19-2187] The Product Guide file is missing.
ipx::unload_core c:/Users/kimyou94/Feb_22_proj/hash_func_ip/component.xml
ipx::edit_ip_in_project -upgrade true -name tmp_edit_project -directory C:/Users/kimyou94/Feb_22_proj/hash_func_ip c:/Users/kimyou94/Feb_22_proj/hash_func_ip/component.xml
INFO: [IP_Flow 19-234] Refreshing IP repositories
INFO: [IP_Flow 19-1704] No user IP repositories specified
INFO: [IP_Flow 19-2313] Loaded Vivado IP repository 'C:/DESL/Xilinx/Vivado/2018.3/data/ip'.
INFO: [IP_Flow 19-234] Refreshing IP repositories
INFO: [IP_Flow 19-1700] Loaded user IP repository 'c:/Users/kimyou94/Feb_22_proj/hash_func_ip'.
WARNING: [IP_Flow 19-2248] Failed to load user IP repository 'c:/Users/kimyou94/Feb_22_proj/hash_IP'; Can't find the specified path.
If this directory should no longer be in your list of user repositories, go to the IP Settings dialog and remove it.
INFO: [IP_Flow 19-795] Syncing license key meta-data
WARNING: [filemgmt 56-99] Vivado Synthesis ignores library specification for Verilog or SystemVerilog files. [c:/Users/kimyou94/Feb_22_proj/hash_func_ip/src/fifo.v:]
WARNING: [filemgmt 56-99] Vivado Synthesis ignores library specification for Verilog or SystemVerilog files. [c:/Users/kimyou94/Feb_22_proj/hash_func_ip/src/hash_func_S_AXI.v:]
WARNING: [filemgmt 56-99] Vivado Synthesis ignores library specification for Verilog or SystemVerilog files. [c:/Users/kimyou94/Feb_22_proj/hash_func_ip/src/hash_func_pipe.v:]
WARNING: [filemgmt 56-99] Vivado Synthesis ignores library specification for Verilog or SystemVerilog files. [c:/Users/kimyou94/Feb_22_proj/hash_func_ip/src/md5.v:]
WARNING: [filemgmt 56-99] Vivado Synthesis ignores library specification for Verilog or SystemVerilog files. [c:/Users/kimyou94/Feb_22_proj/hash_func_ip/src/mur3.v:]
WARNING: [filemgmt 56-99] Vivado Synthesis ignores library specification for Verilog or SystemVerilog files. [c:/Users/kimyou94/Feb_22_proj/hash_func_ip/src/hash_func_top.v:]
WARNING: [filemgmt 56-99] Vivado Synthesis ignores library specification for Verilog or SystemVerilog files. [c:/Users/kimyou94/Feb_22_proj/hash_func_ip/src/hash_func_pipe_tb.v:]
ipx::edit_ip_in_project: Time (s): cpu = 00:00:07 ; elapsed = 00:00:06 . Memory (MB): peak = 1922.078 ; gain = 0.000
current_project hash_func_pipe
set_property previous_version_for_upgrade utoronto.ca:user:hash_func_top:1.0 [ipx::current_core]
set_property core_revision 1 [ipx::current_core]
ipx::create_xgui_files [ipx::current_core]
ipx::update_checksums [ipx::current_core]
ipx::save_core [ipx::current_core]
current_project tmp_edit_project
ipx::move_temp_component_back -component [ipx::current_core]
close_project -delete
update_ip_catalog -rebuild -repo_path c:/Users/kimyou94/Feb_22_proj/hash_func_ip
INFO: [IP_Flow 19-725] Reloaded user IP repository 'c:/Users/kimyou94/Feb_22_proj/hash_func_ip'
ipx::package_project -root_dir C:/Users/kimyou94/Feb_22_proj/ip -vendor utoronto.ca -library user -taxonomy /UserIP -import_files -set_current false
INFO: [IP_Flow 19-5107] Inferred bus interface 's_axi' of definition 'xilinx.com:interface:aximm:1.0' (from Xilinx Repository).
INFO: [IP_Flow 19-5107] Inferred bus interface 's_axi_aresetn' of definition 'xilinx.com:signal:reset:1.0' (from Xilinx Repository).
INFO: [IP_Flow 19-5107] Inferred bus interface 's_axi_aclk' of definition 'xilinx.com:signal:clock:1.0' (from Xilinx Repository).
INFO: [IP_Flow 19-4728] Bus Interface 's_axi_aresetn': Added interface parameter 'POLARITY' with value 'ACTIVE_LOW'.
INFO: [IP_Flow 19-4728] Bus Interface 's_axi_aclk': Added interface parameter 'ASSOCIATED_BUSIF' with value 's_axi'.
INFO: [IP_Flow 19-4728] Bus Interface 's_axi_aclk': Added interface parameter 'ASSOCIATED_RESET' with value 's_axi_aresetn'.
INFO: [IP_Flow 19-2181] Payment Required is not set for this core.
INFO: [IP_Flow 19-2187] The Product Guide file is missing.
ipx::unload_core c:/Users/kimyou94/Feb_22_proj/ip/component.xml
ipx::edit_ip_in_project -upgrade true -name tmp_edit_project -directory C:/Users/kimyou94/Feb_22_proj/ip c:/Users/kimyou94/Feb_22_proj/ip/component.xml
INFO: [IP_Flow 19-234] Refreshing IP repositories
INFO: [IP_Flow 19-1704] No user IP repositories specified
INFO: [IP_Flow 19-2313] Loaded Vivado IP repository 'C:/DESL/Xilinx/Vivado/2018.3/data/ip'.
create_project: Time (s): cpu = 00:00:05 ; elapsed = 00:00:05 . Memory (MB): peak = 1959.766 ; gain = 2.750
INFO: [IP_Flow 19-234] Refreshing IP repositories
INFO: [IP_Flow 19-1700] Loaded user IP repository 'c:/Users/kimyou94/Feb_22_proj/hash_func_ip'.
WARNING: [IP_Flow 19-2248] Failed to load user IP repository 'c:/Users/kimyou94/Feb_22_proj/hash_IP'; Can't find the specified path.
If this directory should no longer be in your list of user repositories, go to the IP Settings dialog and remove it.
INFO: [IP_Flow 19-795] Syncing license key meta-data
WARNING: [filemgmt 56-99] Vivado Synthesis ignores library specification for Verilog or SystemVerilog files. [c:/Users/kimyou94/Feb_22_proj/ip/src/fifo.v:]
WARNING: [filemgmt 56-99] Vivado Synthesis ignores library specification for Verilog or SystemVerilog files. [c:/Users/kimyou94/Feb_22_proj/ip/src/hash_func_S_AXI.v:]
WARNING: [filemgmt 56-99] Vivado Synthesis ignores library specification for Verilog or SystemVerilog files. [c:/Users/kimyou94/Feb_22_proj/ip/src/hash_func_pipe.v:]
WARNING: [filemgmt 56-99] Vivado Synthesis ignores library specification for Verilog or SystemVerilog files. [c:/Users/kimyou94/Feb_22_proj/ip/src/md5.v:]
WARNING: [filemgmt 56-99] Vivado Synthesis ignores library specification for Verilog or SystemVerilog files. [c:/Users/kimyou94/Feb_22_proj/ip/src/mur3.v:]
WARNING: [filemgmt 56-99] Vivado Synthesis ignores library specification for Verilog or SystemVerilog files. [c:/Users/kimyou94/Feb_22_proj/ip/src/hash_func_top.v:]
WARNING: [filemgmt 56-99] Vivado Synthesis ignores library specification for Verilog or SystemVerilog files. [c:/Users/kimyou94/Feb_22_proj/ip/src/hash_func_pipe_tb.v:]
ipx::edit_ip_in_project: Time (s): cpu = 00:00:06 ; elapsed = 00:00:06 . Memory (MB): peak = 1959.766 ; gain = 2.750
current_project hash_func_pipe
set_property previous_version_for_upgrade utoronto.ca:user:hash_func_top:1.0 [ipx::current_core]
set_property core_revision 1 [ipx::current_core]
ipx::create_xgui_files [ipx::current_core]
ipx::update_checksums [ipx::current_core]
ipx::save_core [ipx::current_core]
current_project tmp_edit_project
ipx::move_temp_component_back -component [ipx::current_core]
close_project -delete
set_property  ip_repo_paths  {c:/Users/kimyou94/Feb_22_proj/ip c:/Users/kimyou94/Feb_22_proj/hash_func_ip c:/Users/kimyou94/Feb_22_proj/hash_IP} [current_project]
update_ip_catalog
INFO: [IP_Flow 19-234] Refreshing IP repositories
INFO: [IP_Flow 19-1700] Loaded user IP repository 'c:/Users/kimyou94/Feb_22_proj/ip'.
INFO: [IP_Flow 19-1700] Loaded user IP repository 'c:/Users/kimyou94/Feb_22_proj/hash_func_ip'.
WARNING: [IP_Flow 19-2248] Failed to load user IP repository 'c:/Users/kimyou94/Feb_22_proj/hash_IP'; Can't find the specified path.
If this directory should no longer be in your list of user repositories, go to the IP Settings dialog and remove it.
exit
INFO: [Common 17-206] Exiting Vivado at Tue Feb 22 18:10:31 2022...
