Copyright 1986-2019 Xilinx, Inc. All Rights Reserved.
--------------------------------------------------------------------------------------
| Tool Version : Vivado v.2018.3.1 (win64) Build 2489853 Tue Mar 26 04:20:25 MDT 2019
| Date         : Wed Mar 16 19:40:14 2022
| Host         : DESKTOP-S44E3SR running 64-bit major release  (build 9200)
| Command      : upgrade_ip
| Device       : xc7a100tcsg324-1
--------------------------------------------------------------------------------------

Upgrade Log for IP 'design_1_spam_detection_infer_0_0'

1. Summary
----------

SUCCESS in the upgrade of design_1_spam_detection_infer_0_0 (xilinx.com:user:spam_detection_inference:1.0) from (Rev. 12) to (Rev. 13)






Copyright 1986-2019 Xilinx, Inc. All Rights Reserved.
--------------------------------------------------------------------------------------
| Tool Version : Vivado v.2018.3.1 (win64) Build 2489853 Tue Mar 26 04:20:25 MDT 2019
| Date         : Wed Mar 16 18:40:52 2022
| Host         : DESKTOP-S44E3SR running 64-bit major release  (build 9200)
| Command      : upgrade_ip
| Device       : xc7a100tcsg324-1
--------------------------------------------------------------------------------------

Upgrade Log for IP 'design_1_spam_detection_infer_0_0'

1. Summary
----------

SUCCESS in the upgrade of design_1_spam_detection_infer_0_0 (xilinx.com:user:spam_detection_inference:1.0) from (Rev. 11) to (Rev. 12)






Copyright 1986-2019 Xilinx, Inc. All Rights Reserved.
--------------------------------------------------------------------------------------
| Tool Version : Vivado v.2018.3.1 (win64) Build 2489853 Tue Mar 26 04:20:25 MDT 2019
| Date         : Wed Mar 16 18:16:20 2022
| Host         : DESKTOP-S44E3SR running 64-bit major release  (build 9200)
| Command      : upgrade_ip
| Device       : xc7a100tcsg324-1
--------------------------------------------------------------------------------------

Upgrade Log for IP 'design_1_spam_detection_infer_0_0'

1. Summary
----------

SUCCESS in the upgrade of design_1_spam_detection_infer_0_0 (xilinx.com:user:spam_detection_inference:1.0) from (Rev. 10) to (Rev. 11)






Copyright 1986-2019 Xilinx, Inc. All Rights Reserved.
--------------------------------------------------------------------------------------
| Tool Version : Vivado v.2018.3.1 (win64) Build 2489853 Tue Mar 26 04:20:25 MDT 2019
| Date         : Wed Mar 16 15:33:13 2022
| Host         : DESKTOP-S44E3SR running 64-bit major release  (build 9200)
| Command      : upgrade_ip
| Device       : xc7a100tcsg324-1
--------------------------------------------------------------------------------------

Upgrade Log for IP 'design_1_spam_detection_infer_0_0'

1. Summary
----------

SUCCESS in the upgrade of design_1_spam_detection_infer_0_0 (xilinx.com:user:spam_detection_inference:1.0) from (Rev. 9) to (Rev. 10)






Copyright 1986-2019 Xilinx, Inc. All Rights Reserved.
--------------------------------------------------------------------------------------
| Tool Version : Vivado v.2018.3.1 (win64) Build 2489853 Tue Mar 26 04:20:25 MDT 2019
| Date         : Tue Mar 15 23:52:04 2022
| Host         : DESKTOP-S44E3SR running 64-bit major release  (build 9200)
| Command      : upgrade_ip
| Device       : xc7a100tcsg324-1
--------------------------------------------------------------------------------------

Upgrade Log for IP 'design_1_spam_detection_infer_0_0'

1. Summary
----------

SUCCESS in the upgrade of design_1_spam_detection_infer_0_0 (xilinx.com:user:spam_detection_inference:1.0) from (Rev. 8) to (Rev. 9)






Copyright 1986-2019 Xilinx, Inc. All Rights Reserved.
--------------------------------------------------------------------------------------
| Tool Version : Vivado v.2018.3.1 (win64) Build 2489853 Tue Mar 26 04:20:25 MDT 2019
| Date         : Tue Mar 15 22:32:48 2022
| Host         : DESKTOP-S44E3SR running 64-bit major release  (build 9200)
| Command      : upgrade_ip
| Device       : xc7a100tcsg324-1
--------------------------------------------------------------------------------------

Upgrade Log for IP 'design_1_spam_detection_infer_0_0'

1. Summary
----------

CAUTION (success, with warnings) in the upgrade of design_1_spam_detection_infer_0_0 (xilinx.com:user:spam_detection_inference:1.0) from (Rev. 7) to (Rev. 8)

After upgrade, an IP may have parameter and port differences compared to the original customization. Please review the parameters within the IP customization GUI to ensure proper functionality. Also, please review the updated IP instantiation template to ensure proper connectivity, and update your design if required.

2. Connection Warnings
----------------------

Detected external port differences while upgrading 'design_1_spam_detection_infer_0_0'. These changes may impact your design.


-Upgrade has removed port 'spam_prob'

-Upgrade has removed port 'write_done'

-Upgrade has added port 'result'







Copyright 1986-2019 Xilinx, Inc. All Rights Reserved.
--------------------------------------------------------------------------------------
| Tool Version : Vivado v.2018.3.1 (win64) Build 2489853 Tue Mar 26 04:20:25 MDT 2019
| Date         : Sat Mar 12 12:38:20 2022
| Host         : DESKTOP-S44E3SR running 64-bit major release  (build 9200)
| Command      : upgrade_ip
| Device       : xc7a100tcsg324-1
--------------------------------------------------------------------------------------

Upgrade Log for IP 'design_1_spam_detection_infer_0_0'

1. Summary
----------

SUCCESS in the upgrade of design_1_spam_detection_infer_0_0 (xilinx.com:user:spam_detection_inference:1.0) from (Rev. 6) to (Rev. 7)






Copyright 1986-2019 Xilinx, Inc. All Rights Reserved.
--------------------------------------------------------------------------------------
| Tool Version : Vivado v.2018.3.1 (win64) Build 2489853 Tue Mar 26 04:20:25 MDT 2019
| Date         : Sat Mar 12 12:28:58 2022
| Host         : DESKTOP-S44E3SR running 64-bit major release  (build 9200)
| Command      : upgrade_ip
| Device       : xc7a100tcsg324-1
--------------------------------------------------------------------------------------

Upgrade Log for IP 'design_1_spam_detection_infer_0_0'

1. Summary
----------

CAUTION (success, with warnings) in the upgrade of design_1_spam_detection_infer_0_0 (xilinx.com:user:spam_detection_inference:1.0) from (Rev. 5) to (Rev. 6)

After upgrade, an IP may have parameter and port differences compared to the original customization. Please review the parameters within the IP customization GUI to ensure proper functionality. Also, please review the updated IP instantiation template to ensure proper connectivity, and update your design if required.

2. Connection Warnings
----------------------

Detected external port differences while upgrading 'design_1_spam_detection_infer_0_0'. These changes may impact your design.


-Upgrade has added port 'spam_prob'







Copyright 1986-2019 Xilinx, Inc. All Rights Reserved.
--------------------------------------------------------------------------------------
| Tool Version : Vivado v.2018.3.1 (win64) Build 2489853 Tue Mar 26 04:20:25 MDT 2019
| Date         : Sat Mar 12 11:16:54 2022
| Host         : DESKTOP-S44E3SR running 64-bit major release  (build 9200)
| Command      : upgrade_ip
| Device       : xc7a100tcsg324-1
--------------------------------------------------------------------------------------

Upgrade Log for IP 'design_1_spam_detection_infer_0_0'

1. Summary
----------

SUCCESS in the upgrade of design_1_spam_detection_infer_0_0 (xilinx.com:user:spam_detection_inference:1.0) from (Rev. 4) to (Rev. 5)






Copyright 1986-2019 Xilinx, Inc. All Rights Reserved.
--------------------------------------------------------------------------------------
| Tool Version : Vivado v.2018.3.1 (win64) Build 2489853 Tue Mar 26 04:20:25 MDT 2019
| Date         : Fri Mar 11 22:13:28 2022
| Host         : DESKTOP-S44E3SR running 64-bit major release  (build 9200)
| Command      : upgrade_ip
| Device       : xc7a100tcsg324-1
--------------------------------------------------------------------------------------

Upgrade Log for IP 'design_1_spam_detection_infer_0_0'

1. Summary
----------

CAUTION (success, with warnings) in the upgrade of design_1_spam_detection_infer_0_0 (xilinx.com:user:spam_detection_inference:1.0) from (Rev. 1) to (Rev. 4)

After upgrade, an IP may have parameter and port differences compared to the original customization. Please review the parameters within the IP customization GUI to ensure proper functionality. Also, please review the updated IP instantiation template to ensure proper connectivity, and update your design if required.

2. Connection Warnings
----------------------

Detected external port differences while upgrading 'design_1_spam_detection_infer_0_0'. These changes may impact your design.


-Upgrade has added port 'write_done'


