#-----------------------------------------------------------
# Vivado v2018.3.1 (64-bit)
# SW Build 2489853 on Tue Mar 26 04:20:25 MDT 2019
# IP Build 2486929 on Tue Mar 26 06:44:21 MDT 2019
# Start of session at: Sun Feb 27 11:41:34 2022
# Process ID: 10872
# Current directory: C:/Users/kimyou94/Feb_23_proj/client_proj
# Command line: vivado.exe -gui_launcher_event rodinguilauncherevent10748 C:\Users\kimyou94\Feb_23_proj\client_proj\client_proj.xpr
# Log file: C:/Users/kimyou94/Feb_23_proj/client_proj/vivado.log
# Journal file: C:/Users/kimyou94/Feb_23_proj/client_proj\vivado.jou
#-----------------------------------------------------------
start_gui
open_project C:/Users/kimyou94/Feb_23_proj/client_proj/client_proj.xpr
INFO: [Project 1-313] Project file moved from 'C:/Users/kimyou94/Feb_22_proj/client_proj' since last save.
Scanning sources...
Finished scanning sources
INFO: [IP_Flow 19-234] Refreshing IP repositories
INFO: [IP_Flow 19-1700] Loaded user IP repository 'c:/Users/kimyou94/Feb_23_proj/hash_func_ip'.
INFO: [IP_Flow 19-2313] Loaded Vivado IP repository 'C:/DESL/Xilinx/Vivado/2018.3/data/ip'.
open_project: Time (s): cpu = 00:00:29 ; elapsed = 00:00:22 . Memory (MB): peak = 972.281 ; gain = 358.094
open_hw
update_compile_order -fileset sources_1
launch_sdk -workspace C:/Users/kimyou94/Feb_23_proj/client_proj/client_proj.sdk -hwspec C:/Users/kimyou94/Feb_23_proj/client_proj/client_proj.sdk/design_1_wrapper.hdf
INFO: [Vivado 12-393] Launching SDK...
INFO: [Vivado 12-417] Running xsdk -workspace C:/Users/kimyou94/Feb_23_proj/client_proj/client_proj.sdk -hwspec C:/Users/kimyou94/Feb_23_proj/client_proj/client_proj.sdk/design_1_wrapper.hdf
INFO: [Vivado 12-3157] SDK launch initiated. Please check console for any further messages.
connect_hw_server
INFO: [Labtools 27-2285] Connecting to hw_server url TCP:localhost:3121
open_hw_target
INFO: [Labtoolstcl 44-466] Opening hw_target localhost:3121/xilinx_tcf/Digilent/210292646023A
set_property PROGRAM.FILE {C:/Users/kimyou94/Feb_23_proj/client_proj/client_proj.runs/impl_1/design_1_wrapper.bit} [get_hw_devices xc7a100t_0]
set_property PROBES.FILE {C:/Users/kimyou94/Feb_23_proj/client_proj/client_proj.runs/impl_1/debug_nets.ltx} [get_hw_devices xc7a100t_0]
set_property FULL_PROBES.FILE {C:/Users/kimyou94/Feb_23_proj/client_proj/client_proj.runs/impl_1/debug_nets.ltx} [get_hw_devices xc7a100t_0]
current_hw_device [get_hw_devices xc7a100t_0]
refresh_hw_device [lindex [get_hw_devices xc7a100t_0] 0]
INFO: [Labtools 27-2302] Device xc7a100t (JTAG device index = 0) is programmed with a design that has 1 ILA core(s).
display_hw_ila_data [ get_hw_ila_data hw_ila_data_1 -of_objects [get_hw_ilas -of_objects [get_hw_devices xc7a100t_0] -filter {CELL_NAME=~"design_1_i/ila_0"}]]
save_wave_config {C:/Users/kimyou94/Feb_23_proj/client_proj/client_proj.hw/hw_1/wave/hw_ila_data_1/hw_ila_data_1.wcfg}
exit
INFO: [Common 17-206] Exiting Vivado at Sun Feb 27 11:52:03 2022...
