#-----------------------------------------------------------
# Vivado v2018.3.1 (64-bit)
# SW Build 2489853 on Tue Mar 26 04:20:25 MDT 2019
# IP Build 2486929 on Tue Mar 26 06:44:21 MDT 2019
# Start of session at: Wed Feb 23 17:20:41 2022
# Process ID: 9868
# Current directory: C:/Users/kimyou94/Feb_23_proj/client_proj
# Command line: vivado.exe -gui_launcher_event rodinguilauncherevent4512 C:\Users\kimyou94\Feb_23_proj\client_proj\client_proj.xpr
# Log file: C:/Users/kimyou94/Feb_23_proj/client_proj/vivado.log
# Journal file: C:/Users/kimyou94/Feb_23_proj/client_proj\vivado.jou
#-----------------------------------------------------------
start_gui
open_project C:/Users/kimyou94/Feb_23_proj/client_proj/client_proj.xpr
INFO: [Project 1-313] Project file moved from 'C:/Users/kimyou94/Feb_22_proj/client_proj' since last save.
Scanning sources...
Finished scanning sources
INFO: [IP_Flow 19-234] Refreshing IP repositories
INFO: [IP_Flow 19-1700] Loaded user IP repository 'c:/Users/kimyou94/Feb_23_proj/hash_func_ip'.
INFO: [IP_Flow 19-2313] Loaded Vivado IP repository 'C:/DESL/Xilinx/Vivado/2018.3/data/ip'.
open_project: Time (s): cpu = 00:00:27 ; elapsed = 00:00:19 . Memory (MB): peak = 1005.031 ; gain = 377.199
update_compile_order -fileset sources_1
launch_sdk -workspace C:/Users/kimyou94/Feb_23_proj/client_proj/client_proj.sdk -hwspec C:/Users/kimyou94/Feb_23_proj/client_proj/client_proj.sdk/design_1_wrapper.hdf
INFO: [Vivado 12-393] Launching SDK...
INFO: [Vivado 12-417] Running xsdk -workspace C:/Users/kimyou94/Feb_23_proj/client_proj/client_proj.sdk -hwspec C:/Users/kimyou94/Feb_23_proj/client_proj/client_proj.sdk/design_1_wrapper.hdf
INFO: [Vivado 12-3157] SDK launch initiated. Please check console for any further messages.
exit
INFO: [Common 17-206] Exiting Vivado at Wed Feb 23 17:24:07 2022...
