14:35:31 **** Incremental Build of configuration Debug for project server_3 ****
make all 
make: Nothing to be done for 'all'.
14:40:28 **** Auto Build of configuration Debug for project server_3 ****
make all 
'Building file: ../src/main.c'
'Invoking: MicroBlaze gcc compiler'
mb-gcc -Wall -O0 -g3 -c -fmessage-length=0 -MT"src/main.o" -I../../server_3_bsp/microblaze_0/include -mlittle-endian -mcpu=v11.0 -mxl-soft-mul -Wl,--no-relax -ffunction-sections -fdata-sections -MMD -MP -MF"src/main.d" -MT"src/main.o" -o "src/main.o" "../src/main.c"
In file included from ../src/main.c:32:0:
../../server_3_bsp/microblaze_0/include/xparameters.h:704:34: warning: initialization makes pointer from integer without a cast [-Wint-conversion]
 #define XPAR_AXI_GPIO_0_BASEADDR 0x40000000
                                  ^
../src/main.c:58:37: note: in expansion of macro 'XPAR_AXI_GPIO_0_BASEADDR'
 volatile unsigned int *reset_gpio = XPAR_AXI_GPIO_0_BASEADDR;
                                     ^~~~~~~~~~~~~~~~~~~~~~~~
'Finished building: ../src/main.c'
' '
'Building target: server_3.elf'
'Invoking: MicroBlaze gcc linker'
mb-gcc -Wl,-T -Wl,../src/lscript.ld -L../../server_3_bsp/microblaze_0/lib -mlittle-endian -mcpu=v11.0 -mxl-soft-mul -Wl,--no-relax -Wl,--gc-sections -o "server_3.elf"  ./src/echo.o ./src/i2c_access.o ./src/iic_phyreset.o ./src/main.o ./src/platform.o ./src/platform_mb.o ./src/platform_ppc.o ./src/platform_zynq.o ./src/platform_zynqmp.o ./src/sfp.o ./src/si5324.o   -Wl,--start-group,-lxil,-lgcc,-lc,--end-group -Wl,--start-group,-lxil,-llwip4,-lgcc,-lc,--end-group
'Finished building target: server_3.elf'
' '
'Invoking: MicroBlaze Print Size'
mb-size server_3.elf  |tee "server_3.elf.size"
   text	   data	    bss	    dec	    hex	filename
 140788	   1596	3960752	4103136	 3e9be0	server_3.elf
'Finished building: server_3.elf.size'
' '
14:40:43 **** Auto Build of configuration Debug for project server_3 ****
make all 
'Building file: ../src/main.c'
'Invoking: MicroBlaze gcc compiler'
mb-gcc -Wall -O0 -g3 -c -fmessage-length=0 -MT"src/main.o" -I../../server_3_bsp/microblaze_0/include -mlittle-endian -mcpu=v11.0 -mxl-soft-mul -Wl,--no-relax -ffunction-sections -fdata-sections -MMD -MP -MF"src/main.d" -MT"src/main.o" -o "src/main.o" "../src/main.c"
In file included from ../src/main.c:32:0:
../../server_3_bsp/microblaze_0/include/xparameters.h:704:34: warning: initialization makes pointer from integer without a cast [-Wint-conversion]
 #define XPAR_AXI_GPIO_0_BASEADDR 0x40000000
                                  ^
../src/main.c:58:37: note: in expansion of macro 'XPAR_AXI_GPIO_0_BASEADDR'
 volatile unsigned int *reset_gpio = XPAR_AXI_GPIO_0_BASEADDR;
                                     ^~~~~~~~~~~~~~~~~~~~~~~~
'Finished building: ../src/main.c'
' '
'Building target: server_3.elf'
'Invoking: MicroBlaze gcc linker'
mb-gcc -Wl,-T -Wl,../src/lscript.ld -L../../server_3_bsp/microblaze_0/lib -mlittle-endian -mcpu=v11.0 -mxl-soft-mul -Wl,--no-relax -Wl,--gc-sections -o "server_3.elf"  ./src/echo.o ./src/i2c_access.o ./src/iic_phyreset.o ./src/main.o ./src/platform.o ./src/platform_mb.o ./src/platform_ppc.o ./src/platform_zynq.o ./src/platform_zynqmp.o ./src/sfp.o ./src/si5324.o   -Wl,--start-group,-lxil,-lgcc,-lc,--end-group -Wl,--start-group,-lxil,-llwip4,-lgcc,-lc,--end-group
'Finished building target: server_3.elf'
' '
'Invoking: MicroBlaze Print Size'
mb-size server_3.elf  |tee "server_3.elf.size"
   text	   data	    bss	    dec	    hex	filename
 140792	   1596	3960748	4103136	 3e9be0	server_3.elf
'Finished building: server_3.elf.size'
' '
15:12:52 **** Auto Build of configuration Debug for project server_3 ****
make all 
'Building file: ../src/main.c'
'Invoking: MicroBlaze gcc compiler'
mb-gcc -Wall -O0 -g3 -c -fmessage-length=0 -MT"src/main.o" -I../../server_3_bsp/microblaze_0/include -mlittle-endian -mcpu=v11.0 -mxl-soft-mul -Wl,--no-relax -ffunction-sections -fdata-sections -MMD -MP -MF"src/main.d" -MT"src/main.o" -o "src/main.o" "../src/main.c"
In file included from ../src/main.c:32:0:
../../server_3_bsp/microblaze_0/include/xparameters.h:704:34: warning: initialization makes pointer from integer without a cast [-Wint-conversion]
 #define XPAR_AXI_GPIO_0_BASEADDR 0x40000000
                                  ^
../src/main.c:58:37: note: in expansion of macro 'XPAR_AXI_GPIO_0_BASEADDR'
 volatile unsigned int *reset_gpio = XPAR_AXI_GPIO_0_BASEADDR;
                                     ^~~~~~~~~~~~~~~~~~~~~~~~
'Finished building: ../src/main.c'
' '
'Building target: server_3.elf'
'Invoking: MicroBlaze gcc linker'
mb-gcc -Wl,-T -Wl,../src/lscript.ld -L../../server_3_bsp/microblaze_0/lib -mlittle-endian -mcpu=v11.0 -mxl-soft-mul -Wl,--no-relax -Wl,--gc-sections -o "server_3.elf"  ./src/echo.o ./src/i2c_access.o ./src/iic_phyreset.o ./src/main.o ./src/platform.o ./src/platform_mb.o ./src/platform_ppc.o ./src/platform_zynq.o ./src/platform_zynqmp.o ./src/sfp.o ./src/si5324.o   -Wl,--start-group,-lxil,-lgcc,-lc,--end-group -Wl,--start-group,-lxil,-llwip4,-lgcc,-lc,--end-group
'Finished building target: server_3.elf'
' '
'Invoking: MicroBlaze Print Size'
mb-size server_3.elf  |tee "server_3.elf.size"
   text	   data	    bss	    dec	    hex	filename
 140792	   1596	3960748	4103136	 3e9be0	server_3.elf
'Finished building: server_3.elf.size'
' '
15:12:56 **** Auto Build of configuration Debug for project server_3 ****
make all 
'Building file: ../src/main.c'
'Invoking: MicroBlaze gcc compiler'
mb-gcc -Wall -O0 -g3 -c -fmessage-length=0 -MT"src/main.o" -I../../server_3_bsp/microblaze_0/include -mlittle-endian -mcpu=v11.0 -mxl-soft-mul -Wl,--no-relax -ffunction-sections -fdata-sections -MMD -MP -MF"src/main.d" -MT"src/main.o" -o "src/main.o" "../src/main.c"
In file included from ../src/main.c:32:0:
../../server_3_bsp/microblaze_0/include/xparameters.h:704:34: warning: initialization makes pointer from integer without a cast [-Wint-conversion]
 #define XPAR_AXI_GPIO_0_BASEADDR 0x40000000
                                  ^
../src/main.c:58:37: note: in expansion of macro 'XPAR_AXI_GPIO_0_BASEADDR'
 volatile unsigned int *reset_gpio = XPAR_AXI_GPIO_0_BASEADDR;
                                     ^~~~~~~~~~~~~~~~~~~~~~~~
'Finished building: ../src/main.c'
' '
'Building target: server_3.elf'
'Invoking: MicroBlaze gcc linker'
mb-gcc -Wl,-T -Wl,../src/lscript.ld -L../../server_3_bsp/microblaze_0/lib -mlittle-endian -mcpu=v11.0 -mxl-soft-mul -Wl,--no-relax -Wl,--gc-sections -o "server_3.elf"  ./src/echo.o ./src/i2c_access.o ./src/iic_phyreset.o ./src/main.o ./src/platform.o ./src/platform_mb.o ./src/platform_ppc.o ./src/platform_zynq.o ./src/platform_zynqmp.o ./src/sfp.o ./src/si5324.o   -Wl,--start-group,-lxil,-lgcc,-lc,--end-group -Wl,--start-group,-lxil,-llwip4,-lgcc,-lc,--end-group
'Finished building target: server_3.elf'
' '
'Invoking: MicroBlaze Print Size'
mb-size server_3.elf  |tee "server_3.elf.size"
   text	   data	    bss	    dec	    hex	filename
 140792	   1596	3960748	4103136	 3e9be0	server_3.elf
'Finished building: server_3.elf.size'
' '
15:13:05 **** Auto Build of configuration Debug for project server_3 ****
make all 
'Building file: ../src/main.c'
'Invoking: MicroBlaze gcc compiler'
mb-gcc -Wall -O0 -g3 -c -fmessage-length=0 -MT"src/main.o" -I../../server_3_bsp/microblaze_0/include -mlittle-endian -mcpu=v11.0 -mxl-soft-mul -Wl,--no-relax -ffunction-sections -fdata-sections -MMD -MP -MF"src/main.d" -MT"src/main.o" -o "src/main.o" "../src/main.c"
In file included from ../src/main.c:32:0:
../../server_3_bsp/microblaze_0/include/xparameters.h:704:34: warning: initialization makes pointer from integer without a cast [-Wint-conversion]
 #define XPAR_AXI_GPIO_0_BASEADDR 0x40000000
                                  ^
../src/main.c:58:37: note: in expansion of macro 'XPAR_AXI_GPIO_0_BASEADDR'
 volatile unsigned int *reset_gpio = XPAR_AXI_GPIO_0_BASEADDR;
                                     ^~~~~~~~~~~~~~~~~~~~~~~~
'Finished building: ../src/main.c'
' '
'Building target: server_3.elf'
'Invoking: MicroBlaze gcc linker'
mb-gcc -Wl,-T -Wl,../src/lscript.ld -L../../server_3_bsp/microblaze_0/lib -mlittle-endian -mcpu=v11.0 -mxl-soft-mul -Wl,--no-relax -Wl,--gc-sections -o "server_3.elf"  ./src/echo.o ./src/i2c_access.o ./src/iic_phyreset.o ./src/main.o ./src/platform.o ./src/platform_mb.o ./src/platform_ppc.o ./src/platform_zynq.o ./src/platform_zynqmp.o ./src/sfp.o ./src/si5324.o   -Wl,--start-group,-lxil,-lgcc,-lc,--end-group -Wl,--start-group,-lxil,-llwip4,-lgcc,-lc,--end-group
'Finished building target: server_3.elf'
' '
'Invoking: MicroBlaze Print Size'
mb-size server_3.elf  |tee "server_3.elf.size"
   text	   data	    bss	    dec	    hex	filename
 140792	   1596	3960748	4103136	 3e9be0	server_3.elf
'Finished building: server_3.elf.size'
' '
15:17:32 **** Incremental Build of configuration Debug for project server_3 ****
make all 
make: Nothing to be done for 'all'.
15:20:25 **** Incremental Build of configuration Debug for project server_3 ****
make all 
make: Nothing to be done for 'all'.
15:24:54 **** Incremental Build of configuration Debug for project server_3 ****
make all 
make: Nothing to be done for 'all'.
15:29:44 **** Incremental Build of configuration Debug for project server_3 ****
make all 
make: Nothing to be done for 'all'.
15:32:02 **** Incremental Build of configuration Debug for project server_3 ****
make all 
make: Nothing to be done for 'all'.
15:36:47 **** Incremental Build of configuration Debug for project server_3 ****
make all 
make: Nothing to be done for 'all'.
15:41:06 **** Incremental Build of configuration Debug for project server_3 ****
make all 
make: Nothing to be done for 'all'.
15:42:45 **** Auto Build of configuration Debug for project server_3 ****
make all 
'Building file: ../src/main.c'
'Invoking: MicroBlaze gcc compiler'
mb-gcc -Wall -O0 -g3 -c -fmessage-length=0 -MT"src/main.o" -I../../server_3_bsp/microblaze_0/include -mlittle-endian -mcpu=v11.0 -mxl-soft-mul -Wl,--no-relax -ffunction-sections -fdata-sections -MMD -MP -MF"src/main.d" -MT"src/main.o" -o "src/main.o" "../src/main.c"
In file included from ../src/main.c:32:0:
../../server_3_bsp/microblaze_0/include/xparameters.h:704:34: warning: initialization makes pointer from integer without a cast [-Wint-conversion]
 #define XPAR_AXI_GPIO_0_BASEADDR 0x40000000
                                  ^
../src/main.c:58:37: note: in expansion of macro 'XPAR_AXI_GPIO_0_BASEADDR'
 volatile unsigned int *reset_gpio = XPAR_AXI_GPIO_0_BASEADDR;
                                     ^~~~~~~~~~~~~~~~~~~~~~~~
'Finished building: ../src/main.c'
' '
'Building target: server_3.elf'
'Invoking: MicroBlaze gcc linker'
mb-gcc -Wl,-T -Wl,../src/lscript.ld -L../../server_3_bsp/microblaze_0/lib -mlittle-endian -mcpu=v11.0 -mxl-soft-mul -Wl,--no-relax -Wl,--gc-sections -o "server_3.elf"  ./src/echo.o ./src/i2c_access.o ./src/iic_phyreset.o ./src/main.o ./src/platform.o ./src/platform_mb.o ./src/platform_ppc.o ./src/platform_zynq.o ./src/platform_zynqmp.o ./src/sfp.o ./src/si5324.o   -Wl,--start-group,-lxil,-lgcc,-lc,--end-group -Wl,--start-group,-lxil,-llwip4,-lgcc,-lc,--end-group
'Finished building target: server_3.elf'
' '
'Invoking: MicroBlaze Print Size'
mb-size server_3.elf  |tee "server_3.elf.size"
   text	   data	    bss	    dec	    hex	filename
 140792	   1596	3960748	4103136	 3e9be0	server_3.elf
'Finished building: server_3.elf.size'
' '
15:42:57 **** Incremental Build of configuration Debug for project server_3 ****
make all 
make: Nothing to be done for 'all'.
15:45:45 **** Incremental Build of configuration Debug for project server_3 ****
make all 
make: Nothing to be done for 'all'.
15:48:57 **** Incremental Build of configuration Debug for project server_3 ****
make all 
make: Nothing to be done for 'all'.
15:50:34 **** Incremental Build of configuration Debug for project server_3 ****
make all 
make: Nothing to be done for 'all'.
15:53:59 **** Incremental Build of configuration Debug for project server_3 ****
make all 
make: Nothing to be done for 'all'.
15:57:02 **** Incremental Build of configuration Debug for project server_3 ****
make all 
make: Nothing to be done for 'all'.
16:14:04 **** Incremental Build of configuration Debug for project server_3 ****
make all 
make: Nothing to be done for 'all'.
20:59:47 **** Incremental Build of configuration Debug for project server_3 ****
make all 
make: Nothing to be done for 'all'.
21:04:02 **** Incremental Build of configuration Debug for project server_3 ****
make all 
make: Nothing to be done for 'all'.
21:06:34 **** Incremental Build of configuration Debug for project server_3 ****
make all 
make: Nothing to be done for 'all'.
21:09:09 **** Incremental Build of configuration Debug for project server_3 ****
make all 
make: Nothing to be done for 'all'.
21:12:17 **** Incremental Build of configuration Debug for project server_3 ****
make all 
make: Nothing to be done for 'all'.
21:18:15 **** Incremental Build of configuration Debug for project server_3 ****
make all 
make: Nothing to be done for 'all'.
21:24:54 **** Incremental Build of configuration Debug for project server_3 ****
make all 
make: Nothing to be done for 'all'.
21:27:12 **** Incremental Build of configuration Debug for project server_3 ****
make all 
make: Nothing to be done for 'all'.
21:38:27 **** Incremental Build of configuration Debug for project server_3 ****
make all 
make: Nothing to be done for 'all'.
21:46:05 **** Incremental Build of configuration Debug for project server_3 ****
make all 
make: Nothing to be done for 'all'.
21:50:20 **** Incremental Build of configuration Debug for project server_3 ****
make all 
make: Nothing to be done for 'all'.
21:53:57 **** Incremental Build of configuration Debug for project server_3 ****
make all 
make: Nothing to be done for 'all'.
22:00:49 **** Incremental Build of configuration Debug for project server_3 ****
make all 
make: Nothing to be done for 'all'.
22:12:59 **** Incremental Build of configuration Debug for project server_3 ****
make all 
make: Nothing to be done for 'all'.
22:16:50 **** Incremental Build of configuration Debug for project server_3 ****
make all 
make: Nothing to be done for 'all'.
22:24:25 **** Incremental Build of configuration Debug for project server_3 ****
make all 
make: Nothing to be done for 'all'.
22:27:38 **** Incremental Build of configuration Debug for project server_3 ****
make all 
make: Nothing to be done for 'all'.
20:00:57 **** Auto Build of configuration Debug for project server_3 ****
make all 
'Building file: ../src/main.c'
'Invoking: MicroBlaze gcc compiler'
mb-gcc -Wall -O0 -g3 -c -fmessage-length=0 -MT"src/main.o" -I../../server_3_bsp/microblaze_0/include -mlittle-endian -mcpu=v11.0 -mxl-soft-mul -Wl,--no-relax -ffunction-sections -fdata-sections -MMD -MP -MF"src/main.d" -MT"src/main.o" -o "src/main.o" "../src/main.c"
In file included from ../src/main.c:32:0:
../../server_3_bsp/microblaze_0/include/xparameters.h:704:34: warning: initialization makes pointer from integer without a cast [-Wint-conversion]
 #define XPAR_AXI_GPIO_0_BASEADDR 0x40000000
                                  ^
../src/main.c:58:37: note: in expansion of macro 'XPAR_AXI_GPIO_0_BASEADDR'
 volatile unsigned int *reset_gpio = XPAR_AXI_GPIO_0_BASEADDR;
                                     ^~~~~~~~~~~~~~~~~~~~~~~~
'Finished building: ../src/main.c'
' '
'Building target: server_3.elf'
'Invoking: MicroBlaze gcc linker'
mb-gcc -Wl,-T -Wl,../src/lscript.ld -L../../server_3_bsp/microblaze_0/lib -mlittle-endian -mcpu=v11.0 -mxl-soft-mul -Wl,--no-relax -Wl,--gc-sections -o "server_3.elf"  ./src/echo.o ./src/i2c_access.o ./src/iic_phyreset.o ./src/main.o ./src/platform.o ./src/platform_mb.o ./src/platform_ppc.o ./src/platform_zynq.o ./src/platform_zynqmp.o ./src/sfp.o ./src/si5324.o   -Wl,--start-group,-lxil,-lgcc,-lc,--end-group -Wl,--start-group,-lxil,-llwip4,-lgcc,-lc,--end-group
'Finished building target: server_3.elf'
' '
'Invoking: MicroBlaze Print Size'
mb-size server_3.elf  |tee "server_3.elf.size"
   text	   data	    bss	    dec	    hex	filename
 140792	   1596	3960748	4103136	 3e9be0	server_3.elf
'Finished building: server_3.elf.size'
' '
20:01:19 **** Auto Build of configuration Debug for project server_3 ****
make all 
'Building file: ../src/main.c'
'Invoking: MicroBlaze gcc compiler'
mb-gcc -Wall -O0 -g3 -c -fmessage-length=0 -MT"src/main.o" -I../../server_3_bsp/microblaze_0/include -mlittle-endian -mcpu=v11.0 -mxl-soft-mul -Wl,--no-relax -ffunction-sections -fdata-sections -MMD -MP -MF"src/main.d" -MT"src/main.o" -o "src/main.o" "../src/main.c"
In file included from ../src/main.c:32:0:
../../server_3_bsp/microblaze_0/include/xparameters.h:704:34: warning: initialization makes pointer from integer without a cast [-Wint-conversion]
 #define XPAR_AXI_GPIO_0_BASEADDR 0x40000000
                                  ^
../src/main.c:58:37: note: in expansion of macro 'XPAR_AXI_GPIO_0_BASEADDR'
 volatile unsigned int *reset_gpio = XPAR_AXI_GPIO_0_BASEADDR;
                                     ^~~~~~~~~~~~~~~~~~~~~~~~
'Finished building: ../src/main.c'
' '
'Building target: server_3.elf'
'Invoking: MicroBlaze gcc linker'
mb-gcc -Wl,-T -Wl,../src/lscript.ld -L../../server_3_bsp/microblaze_0/lib -mlittle-endian -mcpu=v11.0 -mxl-soft-mul -Wl,--no-relax -Wl,--gc-sections -o "server_3.elf"  ./src/echo.o ./src/i2c_access.o ./src/iic_phyreset.o ./src/main.o ./src/platform.o ./src/platform_mb.o ./src/platform_ppc.o ./src/platform_zynq.o ./src/platform_zynqmp.o ./src/sfp.o ./src/si5324.o   -Wl,--start-group,-lxil,-lgcc,-lc,--end-group -Wl,--start-group,-lxil,-llwip4,-lgcc,-lc,--end-group
'Finished building target: server_3.elf'
' '
'Invoking: MicroBlaze Print Size'
mb-size server_3.elf  |tee "server_3.elf.size"
   text	   data	    bss	    dec	    hex	filename
 140792	   1596	3960748	4103136	 3e9be0	server_3.elf
'Finished building: server_3.elf.size'
' '
20:01:54 **** Incremental Build of configuration Debug for project server_3 ****
make all 
make: Nothing to be done for 'all'.
20:03:21 **** Incremental Build of configuration Debug for project server_3 ****
make all 
make: Nothing to be done for 'all'.
20:16:07 **** Auto Build of configuration Debug for project server_3 ****
make all 
'Building file: ../src/main.c'
'Invoking: MicroBlaze gcc compiler'
mb-gcc -Wall -O0 -g3 -c -fmessage-length=0 -MT"src/main.o" -I../../server_3_bsp/microblaze_0/include -mlittle-endian -mcpu=v11.0 -mxl-soft-mul -Wl,--no-relax -ffunction-sections -fdata-sections -MMD -MP -MF"src/main.d" -MT"src/main.o" -o "src/main.o" "../src/main.c"
In file included from ../src/main.c:32:0:
../../server_3_bsp/microblaze_0/include/xparameters.h:704:34: warning: initialization makes pointer from integer without a cast [-Wint-conversion]
 #define XPAR_AXI_GPIO_0_BASEADDR 0x40000000
                                  ^
../src/main.c:58:37: note: in expansion of macro 'XPAR_AXI_GPIO_0_BASEADDR'
 volatile unsigned int *reset_gpio = XPAR_AXI_GPIO_0_BASEADDR;
                                     ^~~~~~~~~~~~~~~~~~~~~~~~
'Finished building: ../src/main.c'
' '
'Building target: server_3.elf'
'Invoking: MicroBlaze gcc linker'
mb-gcc -Wl,-T -Wl,../src/lscript.ld -L../../server_3_bsp/microblaze_0/lib -mlittle-endian -mcpu=v11.0 -mxl-soft-mul -Wl,--no-relax -Wl,--gc-sections -o "server_3.elf"  ./src/echo.o ./src/i2c_access.o ./src/iic_phyreset.o ./src/main.o ./src/platform.o ./src/platform_mb.o ./src/platform_ppc.o ./src/platform_zynq.o ./src/platform_zynqmp.o ./src/sfp.o ./src/si5324.o   -Wl,--start-group,-lxil,-lgcc,-lc,--end-group -Wl,--start-group,-lxil,-llwip4,-lgcc,-lc,--end-group
'Finished building target: server_3.elf'
' '
'Invoking: MicroBlaze Print Size'
mb-size server_3.elf  |tee "server_3.elf.size"
   text	   data	    bss	    dec	    hex	filename
 140796	   1596	3960752	4103144	 3e9be8	server_3.elf
'Finished building: server_3.elf.size'
' '
20:16:10 **** Incremental Build of configuration Debug for project server_3 ****
make all 
make: Nothing to be done for 'all'.
20:17:38 **** Incremental Build of configuration Debug for project server_3 ****
make all 
make: Nothing to be done for 'all'.
20:22:01 **** Incremental Build of configuration Debug for project server_3 ****
make all 
make: Nothing to be done for 'all'.
20:25:14 **** Auto Build of configuration Debug for project server_3 ****
make all 
'Building file: ../src/main.c'
'Invoking: MicroBlaze gcc compiler'
mb-gcc -Wall -O0 -g3 -c -fmessage-length=0 -MT"src/main.o" -I../../server_3_bsp/microblaze_0/include -mlittle-endian -mcpu=v11.0 -mxl-soft-mul -Wl,--no-relax -ffunction-sections -fdata-sections -MMD -MP -MF"src/main.d" -MT"src/main.o" -o "src/main.o" "../src/main.c"
In file included from ../src/main.c:32:0:
../../server_3_bsp/microblaze_0/include/xparameters.h:704:34: warning: initialization makes pointer from integer without a cast [-Wint-conversion]
 #define XPAR_AXI_GPIO_0_BASEADDR 0x40000000
                                  ^
../src/main.c:58:37: note: in expansion of macro 'XPAR_AXI_GPIO_0_BASEADDR'
 volatile unsigned int *reset_gpio = XPAR_AXI_GPIO_0_BASEADDR;
                                     ^~~~~~~~~~~~~~~~~~~~~~~~
'Finished building: ../src/main.c'
' '
'Building target: server_3.elf'
'Invoking: MicroBlaze gcc linker'
mb-gcc -Wl,-T -Wl,../src/lscript.ld -L../../server_3_bsp/microblaze_0/lib -mlittle-endian -mcpu=v11.0 -mxl-soft-mul -Wl,--no-relax -Wl,--gc-sections -o "server_3.elf"  ./src/echo.o ./src/i2c_access.o ./src/iic_phyreset.o ./src/main.o ./src/platform.o ./src/platform_mb.o ./src/platform_ppc.o ./src/platform_zynq.o ./src/platform_zynqmp.o ./src/sfp.o ./src/si5324.o   -Wl,--start-group,-lxil,-lgcc,-lc,--end-group -Wl,--start-group,-lxil,-llwip4,-lgcc,-lc,--end-group
'Finished building target: server_3.elf'
' '
'Invoking: MicroBlaze Print Size'
mb-size server_3.elf  |tee "server_3.elf.size"
   text	   data	    bss	    dec	    hex	filename
 140800	   1596	3960748	4103144	 3e9be8	server_3.elf
'Finished building: server_3.elf.size'
' '
20:25:19 **** Auto Build of configuration Debug for project server_3 ****
make all 
'Building file: ../src/main.c'
'Invoking: MicroBlaze gcc compiler'
mb-gcc -Wall -O0 -g3 -c -fmessage-length=0 -MT"src/main.o" -I../../server_3_bsp/microblaze_0/include -mlittle-endian -mcpu=v11.0 -mxl-soft-mul -Wl,--no-relax -ffunction-sections -fdata-sections -MMD -MP -MF"src/main.d" -MT"src/main.o" -o "src/main.o" "../src/main.c"
In file included from ../src/main.c:32:0:
../../server_3_bsp/microblaze_0/include/xparameters.h:704:34: warning: initialization makes pointer from integer without a cast [-Wint-conversion]
 #define XPAR_AXI_GPIO_0_BASEADDR 0x40000000
                                  ^
../src/main.c:58:37: note: in expansion of macro 'XPAR_AXI_GPIO_0_BASEADDR'
 volatile unsigned int *reset_gpio = XPAR_AXI_GPIO_0_BASEADDR;
                                     ^~~~~~~~~~~~~~~~~~~~~~~~
'Finished building: ../src/main.c'
' '
'Building target: server_3.elf'
'Invoking: MicroBlaze gcc linker'
mb-gcc -Wl,-T -Wl,../src/lscript.ld -L../../server_3_bsp/microblaze_0/lib -mlittle-endian -mcpu=v11.0 -mxl-soft-mul -Wl,--no-relax -Wl,--gc-sections -o "server_3.elf"  ./src/echo.o ./src/i2c_access.o ./src/iic_phyreset.o ./src/main.o ./src/platform.o ./src/platform_mb.o ./src/platform_ppc.o ./src/platform_zynq.o ./src/platform_zynqmp.o ./src/sfp.o ./src/si5324.o   -Wl,--start-group,-lxil,-lgcc,-lc,--end-group -Wl,--start-group,-lxil,-llwip4,-lgcc,-lc,--end-group
'Finished building target: server_3.elf'
' '
'Invoking: MicroBlaze Print Size'
mb-size server_3.elf  |tee "server_3.elf.size"
   text	   data	    bss	    dec	    hex	filename
 140800	   1596	3960748	4103144	 3e9be8	server_3.elf
'Finished building: server_3.elf.size'
' '
20:25:29 **** Auto Build of configuration Debug for project server_3 ****
make all 
'Building file: ../src/main.c'
'Invoking: MicroBlaze gcc compiler'
mb-gcc -Wall -O0 -g3 -c -fmessage-length=0 -MT"src/main.o" -I../../server_3_bsp/microblaze_0/include -mlittle-endian -mcpu=v11.0 -mxl-soft-mul -Wl,--no-relax -ffunction-sections -fdata-sections -MMD -MP -MF"src/main.d" -MT"src/main.o" -o "src/main.o" "../src/main.c"
In file included from ../src/main.c:32:0:
../../server_3_bsp/microblaze_0/include/xparameters.h:704:34: warning: initialization makes pointer from integer without a cast [-Wint-conversion]
 #define XPAR_AXI_GPIO_0_BASEADDR 0x40000000
                                  ^
../src/main.c:58:37: note: in expansion of macro 'XPAR_AXI_GPIO_0_BASEADDR'
 volatile unsigned int *reset_gpio = XPAR_AXI_GPIO_0_BASEADDR;
                                     ^~~~~~~~~~~~~~~~~~~~~~~~
'Finished building: ../src/main.c'
' '
'Building target: server_3.elf'
'Invoking: MicroBlaze gcc linker'
mb-gcc -Wl,-T -Wl,../src/lscript.ld -L../../server_3_bsp/microblaze_0/lib -mlittle-endian -mcpu=v11.0 -mxl-soft-mul -Wl,--no-relax -Wl,--gc-sections -o "server_3.elf"  ./src/echo.o ./src/i2c_access.o ./src/iic_phyreset.o ./src/main.o ./src/platform.o ./src/platform_mb.o ./src/platform_ppc.o ./src/platform_zynq.o ./src/platform_zynqmp.o ./src/sfp.o ./src/si5324.o   -Wl,--start-group,-lxil,-lgcc,-lc,--end-group -Wl,--start-group,-lxil,-llwip4,-lgcc,-lc,--end-group
'Finished building target: server_3.elf'
' '
'Invoking: MicroBlaze Print Size'
mb-size server_3.elf  |tee "server_3.elf.size"
   text	   data	    bss	    dec	    hex	filename
 140800	   1596	3960748	4103144	 3e9be8	server_3.elf
'Finished building: server_3.elf.size'
' '
20:25:36 **** Auto Build of configuration Debug for project server_3 ****
make all 
'Building file: ../src/main.c'
'Invoking: MicroBlaze gcc compiler'
mb-gcc -Wall -O0 -g3 -c -fmessage-length=0 -MT"src/main.o" -I../../server_3_bsp/microblaze_0/include -mlittle-endian -mcpu=v11.0 -mxl-soft-mul -Wl,--no-relax -ffunction-sections -fdata-sections -MMD -MP -MF"src/main.d" -MT"src/main.o" -o "src/main.o" "../src/main.c"
In file included from ../src/main.c:32:0:
../../server_3_bsp/microblaze_0/include/xparameters.h:704:34: warning: initialization makes pointer from integer without a cast [-Wint-conversion]
 #define XPAR_AXI_GPIO_0_BASEADDR 0x40000000
                                  ^
../src/main.c:58:37: note: in expansion of macro 'XPAR_AXI_GPIO_0_BASEADDR'
 volatile unsigned int *reset_gpio = XPAR_AXI_GPIO_0_BASEADDR;
                                     ^~~~~~~~~~~~~~~~~~~~~~~~
'Finished building: ../src/main.c'
' '
'Building target: server_3.elf'
'Invoking: MicroBlaze gcc linker'
mb-gcc -Wl,-T -Wl,../src/lscript.ld -L../../server_3_bsp/microblaze_0/lib -mlittle-endian -mcpu=v11.0 -mxl-soft-mul -Wl,--no-relax -Wl,--gc-sections -o "server_3.elf"  ./src/echo.o ./src/i2c_access.o ./src/iic_phyreset.o ./src/main.o ./src/platform.o ./src/platform_mb.o ./src/platform_ppc.o ./src/platform_zynq.o ./src/platform_zynqmp.o ./src/sfp.o ./src/si5324.o   -Wl,--start-group,-lxil,-lgcc,-lc,--end-group -Wl,--start-group,-lxil,-llwip4,-lgcc,-lc,--end-group
'Finished building target: server_3.elf'
' '
'Invoking: MicroBlaze Print Size'
mb-size server_3.elf  |tee "server_3.elf.size"
   text	   data	    bss	    dec	    hex	filename
 140800	   1596	3960748	4103144	 3e9be8	server_3.elf
'Finished building: server_3.elf.size'
' '
20:28:04 **** Auto Build of configuration Debug for project server_3 ****
make all 
'Building file: ../src/main.c'
'Invoking: MicroBlaze gcc compiler'
mb-gcc -Wall -O0 -g3 -c -fmessage-length=0 -MT"src/main.o" -I../../server_3_bsp/microblaze_0/include -mlittle-endian -mcpu=v11.0 -mxl-soft-mul -Wl,--no-relax -ffunction-sections -fdata-sections -MMD -MP -MF"src/main.d" -MT"src/main.o" -o "src/main.o" "../src/main.c"
In file included from ../src/main.c:32:0:
../../server_3_bsp/microblaze_0/include/xparameters.h:704:34: warning: initialization makes pointer from integer without a cast [-Wint-conversion]
 #define XPAR_AXI_GPIO_0_BASEADDR 0x40000000
                                  ^
../src/main.c:58:37: note: in expansion of macro 'XPAR_AXI_GPIO_0_BASEADDR'
 volatile unsigned int *reset_gpio = XPAR_AXI_GPIO_0_BASEADDR;
                                     ^~~~~~~~~~~~~~~~~~~~~~~~
'Finished building: ../src/main.c'
' '
'Building target: server_3.elf'
'Invoking: MicroBlaze gcc linker'
mb-gcc -Wl,-T -Wl,../src/lscript.ld -L../../server_3_bsp/microblaze_0/lib -mlittle-endian -mcpu=v11.0 -mxl-soft-mul -Wl,--no-relax -Wl,--gc-sections -o "server_3.elf"  ./src/echo.o ./src/i2c_access.o ./src/iic_phyreset.o ./src/main.o ./src/platform.o ./src/platform_mb.o ./src/platform_ppc.o ./src/platform_zynq.o ./src/platform_zynqmp.o ./src/sfp.o ./src/si5324.o   -Wl,--start-group,-lxil,-lgcc,-lc,--end-group -Wl,--start-group,-lxil,-llwip4,-lgcc,-lc,--end-group
'Finished building target: server_3.elf'
' '
'Invoking: MicroBlaze Print Size'
mb-size server_3.elf  |tee "server_3.elf.size"
   text	   data	    bss	    dec	    hex	filename
 140776	   1596	3960748	4103120	 3e9bd0	server_3.elf
'Finished building: server_3.elf.size'
' '
20:28:12 **** Auto Build of configuration Debug for project server_3 ****
make all 
'Building file: ../src/main.c'
'Invoking: MicroBlaze gcc compiler'
mb-gcc -Wall -O0 -g3 -c -fmessage-length=0 -MT"src/main.o" -I../../server_3_bsp/microblaze_0/include -mlittle-endian -mcpu=v11.0 -mxl-soft-mul -Wl,--no-relax -ffunction-sections -fdata-sections -MMD -MP -MF"src/main.d" -MT"src/main.o" -o "src/main.o" "../src/main.c"
In file included from ../src/main.c:32:0:
../../server_3_bsp/microblaze_0/include/xparameters.h:704:34: warning: initialization makes pointer from integer without a cast [-Wint-conversion]
 #define XPAR_AXI_GPIO_0_BASEADDR 0x40000000
                                  ^
../src/main.c:58:37: note: in expansion of macro 'XPAR_AXI_GPIO_0_BASEADDR'
 volatile unsigned int *reset_gpio = XPAR_AXI_GPIO_0_BASEADDR;
                                     ^~~~~~~~~~~~~~~~~~~~~~~~
'Finished building: ../src/main.c'
' '
'Building target: server_3.elf'
'Invoking: MicroBlaze gcc linker'
mb-gcc -Wl,-T -Wl,../src/lscript.ld -L../../server_3_bsp/microblaze_0/lib -mlittle-endian -mcpu=v11.0 -mxl-soft-mul -Wl,--no-relax -Wl,--gc-sections -o "server_3.elf"  ./src/echo.o ./src/i2c_access.o ./src/iic_phyreset.o ./src/main.o ./src/platform.o ./src/platform_mb.o ./src/platform_ppc.o ./src/platform_zynq.o ./src/platform_zynqmp.o ./src/sfp.o ./src/si5324.o   -Wl,--start-group,-lxil,-lgcc,-lc,--end-group -Wl,--start-group,-lxil,-llwip4,-lgcc,-lc,--end-group
'Finished building target: server_3.elf'
' '
'Invoking: MicroBlaze Print Size'
mb-size server_3.elf  |tee "server_3.elf.size"
   text	   data	    bss	    dec	    hex	filename
 140732	   1596	3960752	4103080	 3e9ba8	server_3.elf
'Finished building: server_3.elf.size'
' '
20:29:04 **** Incremental Build of configuration Debug for project server_3 ****
make all 
make: Nothing to be done for 'all'.
20:43:19 **** Auto Build of configuration Debug for project server_3 ****
make all 
'Building file: ../src/main.c'
'Invoking: MicroBlaze gcc compiler'
mb-gcc -Wall -O0 -g3 -c -fmessage-length=0 -MT"src/main.o" -I../../server_3_bsp/microblaze_0/include -mlittle-endian -mcpu=v11.0 -mxl-soft-mul -Wl,--no-relax -ffunction-sections -fdata-sections -MMD -MP -MF"src/main.d" -MT"src/main.o" -o "src/main.o" "../src/main.c"
In file included from ../src/main.c:32:0:
../../server_3_bsp/microblaze_0/include/xparameters.h:704:34: warning: initialization makes pointer from integer without a cast [-Wint-conversion]
 #define XPAR_AXI_GPIO_0_BASEADDR 0x40000000
                                  ^
../src/main.c:58:37: note: in expansion of macro 'XPAR_AXI_GPIO_0_BASEADDR'
 volatile unsigned int *reset_gpio = XPAR_AXI_GPIO_0_BASEADDR;
                                     ^~~~~~~~~~~~~~~~~~~~~~~~
'Finished building: ../src/main.c'
' '
'Building target: server_3.elf'
'Invoking: MicroBlaze gcc linker'
mb-gcc -Wl,-T -Wl,../src/lscript.ld -L../../server_3_bsp/microblaze_0/lib -mlittle-endian -mcpu=v11.0 -mxl-soft-mul -Wl,--no-relax -Wl,--gc-sections -o "server_3.elf"  ./src/echo.o ./src/i2c_access.o ./src/iic_phyreset.o ./src/main.o ./src/platform.o ./src/platform_mb.o ./src/platform_ppc.o ./src/platform_zynq.o ./src/platform_zynqmp.o ./src/sfp.o ./src/si5324.o   -Wl,--start-group,-lxil,-lgcc,-lc,--end-group -Wl,--start-group,-lxil,-llwip4,-lgcc,-lc,--end-group
'Finished building target: server_3.elf'
' '
'Invoking: MicroBlaze Print Size'
mb-size server_3.elf  |tee "server_3.elf.size"
   text	   data	    bss	    dec	    hex	filename
 140744	   1596	3960748	4103088	 3e9bb0	server_3.elf
'Finished building: server_3.elf.size'
' '
20:57:45 **** Incremental Build of configuration Debug for project server_3 ****
make all 
make: Nothing to be done for 'all'.
21:03:01 **** Incremental Build of configuration Debug for project server_3 ****
make all 
make: Nothing to be done for 'all'.
21:08:17 **** Incremental Build of configuration Debug for project server_3 ****
make all 
make: Nothing to be done for 'all'.
21:08:19 **** Incremental Build of configuration Debug for project server_3 ****
make all 
make: Nothing to be done for 'all'.
21:13:54 **** Incremental Build of configuration Debug for project server_3 ****
make all 
make: Nothing to be done for 'all'.
21:15:21 **** Incremental Build of configuration Debug for project server_3 ****
make all 
make: Nothing to be done for 'all'.
21:31:04 **** Incremental Build of configuration Debug for project server_3 ****
make all 
make: Nothing to be done for 'all'.
21:36:13 **** Incremental Build of configuration Debug for project server_3 ****
make all 
make: Nothing to be done for 'all'.
21:49:34 **** Auto Build of configuration Debug for project server_3 ****
make all 
make: Nothing to be done for 'all'.
21:50:13 **** Incremental Build of configuration Debug for project server_3 ****
make all 
make: Nothing to be done for 'all'.
21:51:35 **** Auto Build of configuration Debug for project server_3 ****
make all 
'Building file: ../src/main.c'
'Invoking: MicroBlaze gcc compiler'
mb-gcc -Wall -O0 -g3 -c -fmessage-length=0 -MT"src/main.o" -I../../server_3_bsp/microblaze_0/include -mlittle-endian -mcpu=v11.0 -mxl-soft-mul -Wl,--no-relax -ffunction-sections -fdata-sections -MMD -MP -MF"src/main.d" -MT"src/main.o" -o "src/main.o" "../src/main.c"
In file included from ../src/main.c:32:0:
../../server_3_bsp/microblaze_0/include/xparameters.h:704:34: warning: initialization makes pointer from integer without a cast [-Wint-conversion]
 #define XPAR_AXI_GPIO_0_BASEADDR 0x40000000
                                  ^
../src/main.c:58:37: note: in expansion of macro 'XPAR_AXI_GPIO_0_BASEADDR'
 volatile unsigned int *reset_gpio = XPAR_AXI_GPIO_0_BASEADDR;
                                     ^~~~~~~~~~~~~~~~~~~~~~~~
'Finished building: ../src/main.c'
' '
'Building target: server_3.elf'
'Invoking: MicroBlaze gcc linker'
mb-gcc -Wl,-T -Wl,../src/lscript.ld -L../../server_3_bsp/microblaze_0/lib -mlittle-endian -mcpu=v11.0 -mxl-soft-mul -Wl,--no-relax -Wl,--gc-sections -o "server_3.elf"  ./src/echo.o ./src/i2c_access.o ./src/iic_phyreset.o ./src/main.o ./src/platform.o ./src/platform_mb.o ./src/platform_ppc.o ./src/platform_zynq.o ./src/platform_zynqmp.o ./src/sfp.o ./src/si5324.o   -Wl,--start-group,-lxil,-lgcc,-lc,--end-group -Wl,--start-group,-lxil,-llwip4,-lgcc,-lc,--end-group
'Finished building target: server_3.elf'
' '
'Invoking: MicroBlaze Print Size'
mb-size server_3.elf  |tee "server_3.elf.size"
   text	   data	    bss	    dec	    hex	filename
 140744	   1596	3960748	4103088	 3e9bb0	server_3.elf
'Finished building: server_3.elf.size'
' '
21:51:42 **** Incremental Build of configuration Debug for project server_3 ****
make all 
make: Nothing to be done for 'all'.
21:56:10 **** Incremental Build of configuration Debug for project server_3 ****
make all 
make: Nothing to be done for 'all'.
22:05:48 **** Incremental Build of configuration Debug for project server_3 ****
make all 
make: Nothing to be done for 'all'.
22:19:35 **** Incremental Build of configuration Debug for project server_3 ****
make all 
make: Nothing to be done for 'all'.
22:41:43 **** Incremental Build of configuration Debug for project server_3 ****
make all 
make: Nothing to be done for 'all'.
22:45:13 **** Incremental Build of configuration Debug for project server_3 ****
make all 
make: Nothing to be done for 'all'.
